192.168.225.32 - - [15/Mar/2020:11:12:11 +0530] "GET / HTTP/1.1" 200 488 "-" "Mozilla/5.0 (Android 4.1.2; Mobile; rv:68.0) Gecko/68.0 Firefox/68.0"
192.168.225.32 - - [15/Mar/2020:11:12:12 +0530] "GET /favicon.ico HTTP/1.1" 404 2510 "-" "Mozilla/5.0 (Android 4.1.2; Mobile; rv:68.5.0) Gecko/68.5.0 Firefox/68.5.0"
192.168.225.32 - - [15/Mar/2020:11:12:19 +0530] "GET /page/1 HTTP/1.1" 200 798 "http://192.168.225.56/" "Mozilla/5.0 (Android 4.1.2; Mobile; rv:68.0) Gecko/68.0 Firefox/68.0"
192.168.225.32 - - [15/Mar/2020:11:12:23 +0530] "GET /image/004069f0b2ace0b2 HTTP/1.1" 200 116896 "http://192.168.225.56/page/1" "Mozilla/5.0 (Android 4.1.2; Mobile; rv:68.0) Gecko/68.0 Firefox/68.0"
192.168.225.32 - - [15/Mar/2020:11:12:23 +0530] "GET /image/785ca7a582a4b123 HTTP/1.1" 200 137992 "http://192.168.225.56/page/1" "Mozilla/5.0 (Android 4.1.2; Mobile; rv:68.0) Gecko/68.0 Firefox/68.0"
192.168.225.32 - - [15/Mar/2020:11:12:50 +0530] "GET /image/dcccccd2c8c7c3cc HTTP/1.1" 499 0 "http://192.168.225.56/page/1" "Mozilla/5.0 (Android 4.1.2; Mobile; rv:68.0) Gecko/68.0 Firefox/68.0"
192.168.225.32 - - [15/Mar/2020:11:13:03 +0530] "GET /upload/ HTTP/1.1" 200 1022 "http://192.168.225.56/page/1" "Mozilla/5.0 (Android 4.1.2; Mobile; rv:68.0) Gecko/68.0 Firefox/68.0"
192.168.225.32 - - [15/Mar/2020:11:13:34 +0530] "POST /upload/ HTTP/1.1" 200 155 "http://192.168.225.56/upload/" "Mozilla/5.0 (Android 4.1.2; Mobile; rv:68.0) Gecko/68.0 Firefox/68.0"
192.168.225.32 - - [15/Mar/2020:11:13:41 +0530] "GET / HTTP/1.1" 200 488 "http://192.168.225.56/upload/" "Mozilla/5.0 (Android 4.1.2; Mobile; rv:68.0) Gecko/68.0 Firefox/68.0"
192.168.225.32 - - [15/Mar/2020:11:13:43 +0530] "GET /page/1 HTTP/1.1" 200 942 "http://192.168.225.56/" "Mozilla/5.0 (Android 4.1.2; Mobile; rv:68.0) Gecko/68.0 Firefox/68.0"
192.168.225.32 - - [15/Mar/2020:11:13:44 +0530] "GET /image/00270f131b1b3c2e HTTP/1.1" 200 25394 "http://192.168.225.56/page/1" "Mozilla/5.0 (Android 4.1.2; Mobile; rv:68.0) Gecko/68.0 Firefox/68.0"
192.168.225.32 - - [15/Mar/2020:11:13:44 +0530] "GET /image/004069f0b2ace0b2 HTTP/1.1" 200 116896 "http://192.168.225.56/page/1" "Mozilla/5.0 (Android 4.1.2; Mobile; rv:68.0) Gecko/68.0 Firefox/68.0"
192.168.225.32 - - [15/Mar/2020:11:13:44 +0530] "GET /image/dcccccd2c8c7c3cc HTTP/1.1" 200 47313 "http://192.168.225.56/page/1" "Mozilla/5.0 (Android 4.1.2; Mobile; rv:68.0) Gecko/68.0 Firefox/68.0"
192.168.225.32 - - [15/Mar/2020:11:13:44 +0530] "GET /image/785ca7a582a4b123 HTTP/1.1" 200 137992 "http://192.168.225.56/page/1" "Mozilla/5.0 (Android 4.1.2; Mobile; rv:68.0) Gecko/68.0 Firefox/68.0"
2409:4072:400:e2a3:693b:b768:ba67:7fc4 - - [15/Mar/2020:11:21:56 +0530] "GET / HTTP/1.1" 502 494 "-" "Mozilla/5.0 (Windows NT 10.0; Win64; x64; rv:74.0) Gecko/20100101 Firefox/74.0"
2409:4072:400:e2a3:693b:b768:ba67:7fc4 - - [15/Mar/2020:11:21:58 +0530] "GET /favicon.ico HTTP/1.1" 502 494 "-" "Mozilla/5.0 (Windows NT 10.0; Win64; x64; rv:74.0) Gecko/20100101 Firefox/74.0"
2409:4072:400:e2a3:693b:b768:ba67:7fc4 - - [15/Mar/2020:11:23:29 +0530] "GET / HTTP/1.1" 502 494 "-" "Mozilla/5.0 (Windows NT 10.0; Win64; x64; rv:74.0) Gecko/20100101 Firefox/74.0"
2409:4072:400:e2a3:693b:b768:ba67:7fc4 - - [15/Mar/2020:11:23:30 +0530] "GET /favicon.ico HTTP/1.1" 499 0 "-" "Mozilla/5.0 (Windows NT 10.0; Win64; x64; rv:74.0) Gecko/20100101 Firefox/74.0"
2409:4072:400:e2a3:693b:b768:ba67:7fc4 - - [15/Mar/2020:11:25:21 +0530] "GET / HTTP/1.1" 400 66738 "-" "Mozilla/5.0 (Windows NT 10.0; Win64; x64; rv:74.0) Gecko/20100101 Firefox/74.0"
2409:4072:400:e2a3:693b:b768:ba67:7fc4 - - [15/Mar/2020:11:25:22 +0530] "GET /favicon.ico HTTP/1.1" 499 0 "-" "Mozilla/5.0 (Windows NT 10.0; Win64; x64; rv:74.0) Gecko/20100101 Firefox/74.0"
2409:4072:400:e2a3:693b:b768:ba67:7fc4 - - [15/Mar/2020:11:40:15 +0530] "GET / HTTP/1.1" 200 488 "-" "Mozilla/5.0 (Windows NT 10.0; Win64; x64; rv:74.0) Gecko/20100101 Firefox/74.0"
2409:4072:400:e2a3:693b:b768:ba67:7fc4 - - [15/Mar/2020:11:40:18 +0530] "GET /favicon.ico HTTP/1.1" 499 0 "-" "Mozilla/5.0 (Windows NT 10.0; Win64; x64; rv:74.0) Gecko/20100101 Firefox/74.0"
2409:4072:400:e2a3:693b:b768:ba67:7fc4 - - [15/Mar/2020:11:56:56 +0530] "GET / HTTP/1.1" 200 541 "-" "Mozilla/5.0 (Windows NT 10.0; Win64; x64; rv:74.0) Gecko/20100101 Firefox/74.0"
2409:4072:400:e2a3:693b:b768:ba67:7fc4 - - [15/Mar/2020:11:56:58 +0530] "GET /static/favicon.ico HTTP/1.1" 404 2557 "-" "Mozilla/5.0 (Windows NT 10.0; Win64; x64; rv:74.0) Gecko/20100101 Firefox/74.0"
2409:4072:400:e2a3:693b:b768:ba67:7fc4 - - [15/Mar/2020:11:58:42 +0530] "GET / HTTP/1.1" 200 541 "-" "Mozilla/5.0 (Windows NT 10.0; Win64; x64; rv:74.0) Gecko/20100101 Firefox/74.0"
2409:4072:400:e2a3:693b:b768:ba67:7fc4 - - [15/Mar/2020:11:58:53 +0530] "GET / HTTP/1.1" 200 541 "-" "Mozilla/5.0 (Windows NT 10.0; Win64; x64; rv:74.0) Gecko/20100101 Firefox/74.0"
2409:4072:400:e2a3:693b:b768:ba67:7fc4 - - [15/Mar/2020:12:01:54 +0530] "GET / HTTP/1.1" 502 494 "-" "Mozilla/5.0 (Windows NT 10.0; Win64; x64; rv:74.0) Gecko/20100101 Firefox/74.0"
2409:4072:400:e2a3:693b:b768:ba67:7fc4 - - [15/Mar/2020:12:01:55 +0530] "GET /favicon.ico HTTP/1.1" 499 0 "-" "Mozilla/5.0 (Windows NT 10.0; Win64; x64; rv:74.0) Gecko/20100101 Firefox/74.0"
2409:4072:400:e2a3:693b:b768:ba67:7fc4 - - [15/Mar/2020:12:02:18 +0530] "GET / HTTP/1.1" 200 541 "-" "Mozilla/5.0 (Windows NT 10.0; Win64; x64; rv:74.0) Gecko/20100101 Firefox/74.0"
2409:4072:400:e2a3:693b:b768:ba67:7fc4 - - [15/Mar/2020:12:02:26 +0530] "GET / HTTP/1.1" 200 541 "-" "Mozilla/5.0 (Windows NT 10.0; Win64; x64; rv:74.0) Gecko/20100101 Firefox/74.0"
2409:4072:400:e2a3:693b:b768:ba67:7fc4 - - [15/Mar/2020:12:03:00 +0530] "GET /static/favicon.ico HTTP/1.1" 404 2557 "-" "Mozilla/5.0 (Windows NT 10.0; Win64; x64; rv:74.0) Gecko/20100101 Firefox/74.0"
2409:4072:400:e2a3:693b:b768:ba67:7fc4 - - [15/Mar/2020:12:03:01 +0530] "GET /favicon.ico HTTP/1.1" 499 0 "-" "Mozilla/5.0 (Windows NT 10.0; Win64; x64; rv:74.0) Gecko/20100101 Firefox/74.0"
2409:4072:400:e2a3:693b:b768:ba67:7fc4 - - [15/Mar/2020:12:03:56 +0530] "GET /static/favicon.ico HTTP/1.1" 404 2557 "-" "Mozilla/5.0 (Windows NT 10.0; Win64; x64; rv:74.0) Gecko/20100101 Firefox/74.0"
2409:4072:400:e2a3:693b:b768:ba67:7fc4 - - [15/Mar/2020:12:03:56 +0530] "GET /favicon.ico HTTP/1.1" 404 2536 "-" "Mozilla/5.0 (Windows NT 10.0; Win64; x64; rv:74.0) Gecko/20100101 Firefox/74.0"
2409:4072:400:e2a3:693b:b768:ba67:7fc4 - - [15/Mar/2020:12:04:07 +0530] "GET /static/favicon.ico HTTP/1.1" 404 2557 "-" "Mozilla/5.0 (Windows NT 10.0; Win64; x64; rv:74.0) Gecko/20100101 Firefox/74.0"
2409:4072:400:e2a3:693b:b768:ba67:7fc4 - - [15/Mar/2020:12:04:08 +0530] "GET /favicon.ico HTTP/1.1" 499 0 "-" "Mozilla/5.0 (Windows NT 10.0; Win64; x64; rv:74.0) Gecko/20100101 Firefox/74.0"
2409:4072:400:e2a3:693b:b768:ba67:7fc4 - - [15/Mar/2020:12:05:54 +0530] "GET /static/favicon.ico HTTP/1.1" 502 494 "-" "Mozilla/5.0 (Windows NT 10.0; Win64; x64; rv:74.0) Gecko/20100101 Firefox/74.0"
2409:4072:400:e2a3:693b:b768:ba67:7fc4 - - [15/Mar/2020:12:05:58 +0530] "GET /static/favicon.ico HTTP/1.1" 499 0 "-" "Mozilla/5.0 (Windows NT 10.0; Win64; x64; rv:74.0) Gecko/20100101 Firefox/74.0"
2409:4072:400:e2a3:693b:b768:ba67:7fc4 - - [15/Mar/2020:12:06:03 +0530] "GET / HTTP/1.1" 502 494 "-" "Mozilla/5.0 (Windows NT 10.0; Win64; x64; rv:74.0) Gecko/20100101 Firefox/74.0"
2409:4072:400:e2a3:693b:b768:ba67:7fc4 - - [15/Mar/2020:12:06:03 +0530] "GET /favicon.ico HTTP/1.1" 499 0 "-" "Mozilla/5.0 (Windows NT 10.0; Win64; x64; rv:74.0) Gecko/20100101 Firefox/74.0"
2409:4072:400:e2a3:693b:b768:ba67:7fc4 - - [15/Mar/2020:12:06:09 +0530] "GET / HTTP/1.1" 200 550 "-" "Mozilla/5.0 (Windows NT 10.0; Win64; x64; rv:74.0) Gecko/20100101 Firefox/74.0"
2409:4072:400:e2a3:693b:b768:ba67:7fc4 - - [15/Mar/2020:12:06:11 +0530] "GET / HTTP/1.1" 200 550 "-" "Mozilla/5.0 (Windows NT 10.0; Win64; x64; rv:74.0) Gecko/20100101 Firefox/74.0"
2409:4072:400:e2a3:693b:b768:ba67:7fc4 - - [15/Mar/2020:12:06:20 +0530] "GET / HTTP/1.1" 200 550 "-" "Mozilla/5.0 (Windows NT 10.0; Win64; x64; rv:74.0) Gecko/20100101 Firefox/74.0"
2409:4072:400:e2a3:693b:b768:ba67:7fc4 - - [15/Mar/2020:12:06:57 +0530] "GET /page/1 HTTP/1.1" 200 942 "http://[2409:4072:400:e2a3:693b:b768:ba67:7fc4]/" "Mozilla/5.0 (Windows NT 10.0; Win64; x64; rv:74.0) Gecko/20100101 Firefox/74.0"
2409:4072:400:e2a3:693b:b768:ba67:7fc4 - - [15/Mar/2020:12:07:01 +0530] "GET /image/00270f131b1b3c2e HTTP/1.1" 200 4 "http://[2409:4072:400:e2a3:693b:b768:ba67:7fc4]/page/1" "Mozilla/5.0 (Windows NT 10.0; Win64; x64; rv:74.0) Gecko/20100101 Firefox/74.0"
2409:4072:400:e2a3:693b:b768:ba67:7fc4 - - [15/Mar/2020:12:07:01 +0530] "GET /image/dcccccd2c8c7c3cc HTTP/1.1" 200 4 "http://[2409:4072:400:e2a3:693b:b768:ba67:7fc4]/page/1" "Mozilla/5.0 (Windows NT 10.0; Win64; x64; rv:74.0) Gecko/20100101 Firefox/74.0"
2409:4072:400:e2a3:693b:b768:ba67:7fc4 - - [15/Mar/2020:12:07:01 +0530] "GET /image/004069f0b2ace0b2 HTTP/1.1" 200 4 "http://[2409:4072:400:e2a3:693b:b768:ba67:7fc4]/page/1" "Mozilla/5.0 (Windows NT 10.0; Win64; x64; rv:74.0) Gecko/20100101 Firefox/74.0"
2409:4072:400:e2a3:693b:b768:ba67:7fc4 - - [15/Mar/2020:12:07:01 +0530] "GET /image/785ca7a582a4b123 HTTP/1.1" 200 4 "http://[2409:4072:400:e2a3:693b:b768:ba67:7fc4]/page/1" "Mozilla/5.0 (Windows NT 10.0; Win64; x64; rv:74.0) Gecko/20100101 Firefox/74.0"
2409:4072:400:e2a3:693b:b768:ba67:7fc4 - - [15/Mar/2020:12:15:03 +0530] "GET /page/1 HTTP/1.1" 500 145 "http://[2409:4072:400:e2a3:693b:b768:ba67:7fc4]/" "Mozilla/5.0 (Windows NT 10.0; Win64; x64; rv:74.0) Gecko/20100101 Firefox/74.0"
2409:4072:400:e2a3:693b:b768:ba67:7fc4 - - [15/Mar/2020:12:15:04 +0530] "GET /favicon.ico HTTP/1.1" 404 179 "-" "Mozilla/5.0 (Windows NT 10.0; Win64; x64; rv:74.0) Gecko/20100101 Firefox/74.0"
2409:4072:400:e2a3:693b:b768:ba67:7fc4 - - [15/Mar/2020:12:15:13 +0530] "GET /page/1 HTTP/1.1" 500 145 "http://[2409:4072:400:e2a3:693b:b768:ba67:7fc4]/" "Mozilla/5.0 (Windows NT 10.0; Win64; x64; rv:74.0) Gecko/20100101 Firefox/74.0"
2409:4072:400:e2a3:693b:b768:ba67:7fc4 - - [15/Mar/2020:12:17:20 +0530] "GET /static/favicon.ico HTTP/1.1" 404 179 "-" "Mozilla/5.0 (Windows NT 10.0; Win64; x64; rv:74.0) Gecko/20100101 Firefox/74.0"
2409:4072:400:e2a3:693b:b768:ba67:7fc4 - - [15/Mar/2020:12:18:18 +0530] "GET /static/favicon.ico HTTP/1.1" 404 179 "-" "Mozilla/5.0 (Windows NT 10.0; Win64; x64; rv:74.0) Gecko/20100101 Firefox/74.0"
2409:4072:400:e2a3:693b:b768:ba67:7fc4 - - [15/Mar/2020:12:21:53 +0530] "GET /static/favicon.ico HTTP/1.1" 404 179 "-" "Mozilla/5.0 (Windows NT 10.0; Win64; x64; rv:74.0) Gecko/20100101 Firefox/74.0"
2409:4072:400:e2a3:693b:b768:ba67:7fc4 - - [15/Mar/2020:12:21:53 +0530] "GET /favicon.ico HTTP/1.1" 404 179 "-" "Mozilla/5.0 (Windows NT 10.0; Win64; x64; rv:74.0) Gecko/20100101 Firefox/74.0"
2409:4072:400:e2a3:693b:b768:ba67:7fc4 - - [15/Mar/2020:12:22:19 +0530] "GET /favicon.ico HTTP/1.1" 404 179 "-" "Mozilla/5.0 (Windows NT 10.0; Win64; x64; rv:74.0) Gecko/20100101 Firefox/74.0"
2409:4072:400:e2a3:693b:b768:ba67:7fc4 - - [15/Mar/2020:12:25:34 +0530] "GET /favicon.ico HTTP/1.1" 404 179 "-" "Mozilla/5.0 (Windows NT 10.0; Win64; x64; rv:74.0) Gecko/20100101 Firefox/74.0"
2409:4072:400:e2a3:693b:b768:ba67:7fc4 - - [15/Mar/2020:12:29:04 +0530] "GET /favicon.ico HTTP/1.1" 404 179 "-" "Mozilla/5.0 (Windows NT 10.0; Win64; x64; rv:74.0) Gecko/20100101 Firefox/74.0"
2409:4072:400:e2a3:693b:b768:ba67:7fc4 - - [15/Mar/2020:12:29:09 +0530] "GET /favicon.ico HTTP/1.1" 499 0 "-" "Mozilla/5.0 (Windows NT 10.0; Win64; x64; rv:74.0) Gecko/20100101 Firefox/74.0"
2409:4072:400:e2a3:693b:b768:ba67:7fc4 - - [15/Mar/2020:12:29:58 +0530] "GET / HTTP/1.1" 200 550 "-" "Mozilla/5.0 (Windows NT 10.0; Win64; x64; rv:74.0) Gecko/20100101 Firefox/74.0"
2409:4072:40e:fa22:cc10:1285:592a:346c - - [15/Mar/2020:12:36:27 +0530] "GET / HTTP/1.1" 200 550 "-" "Mozilla/5.0 (Linux; Android 7.0; Redmi Note 4) AppleWebKit/537.36 (KHTML, like Gecko) Chrome/79.0.3945.93 Mobile Safari/537.36"
2409:4072:40e:fa22:cc10:1285:592a:346c - - [15/Mar/2020:12:36:29 +0530] "GET /favicon.ico HTTP/1.1" 404 179 "http://[2409:4072:400:e2a3:693b:b768:ba67:7fc4]/" "Mozilla/5.0 (Linux; Android 7.0; Redmi Note 4) AppleWebKit/537.36 (KHTML, like Gecko) Chrome/79.0.3945.93 Mobile Safari/537.36"
2409:4072:40e:fa22:cc10:1285:592a:346c - - [15/Mar/2020:12:36:37 +0530] "GET /page/1 HTTP/1.1" 500 145 "http://[2409:4072:400:e2a3:693b:b768:ba67:7fc4]/" "Mozilla/5.0 (Linux; Android 7.0; Redmi Note 4) AppleWebKit/537.36 (KHTML, like Gecko) Chrome/79.0.3945.93 Mobile Safari/537.36"
2409:4072:40e:fa22:cc10:1285:592a:346c - - [15/Mar/2020:12:36:46 +0530] "GET /upload/ HTTP/1.1" 200 1022 "http://[2409:4072:400:e2a3:693b:b768:ba67:7fc4]/" "Mozilla/5.0 (Linux; Android 7.0; Redmi Note 4) AppleWebKit/537.36 (KHTML, like Gecko) Chrome/79.0.3945.93 Mobile Safari/537.36"
2409:4072:40e:fa22:cc10:1285:592a:346c - - [15/Mar/2020:12:37:53 +0530] "POST /upload/ HTTP/1.1" 413 585 "http://[2409:4072:400:e2a3:693b:b768:ba67:7fc4]/upload/" "Mozilla/5.0 (Linux; Android 7.0; Redmi Note 4) AppleWebKit/537.36 (KHTML, like Gecko) Chrome/79.0.3945.93 Mobile Safari/537.36"
2409:4072:400:e2a3:693b:b768:ba67:7fc4 - - [15/Mar/2020:12:38:41 +0530] "GET /page/1 HTTP/1.1" 500 145 "http://[2409:4072:400:e2a3:693b:b768:ba67:7fc4]/" "Mozilla/5.0 (Windows NT 10.0; Win64; x64; rv:74.0) Gecko/20100101 Firefox/74.0"
2409:4072:400:e2a3:693b:b768:ba67:7fc4 - - [15/Mar/2020:12:38:41 +0530] "GET /favicon.ico HTTP/1.1" 404 179 "-" "Mozilla/5.0 (Windows NT 10.0; Win64; x64; rv:74.0) Gecko/20100101 Firefox/74.0"
2409:4072:40e:fa22:cc10:1285:592a:346c - - [15/Mar/2020:12:41:19 +0530] "POST /upload/ HTTP/1.1" 403 1382 "http://[2409:4072:400:e2a3:693b:b768:ba67:7fc4]/upload/" "Mozilla/5.0 (Linux; Android 7.0; Redmi Note 4) AppleWebKit/537.36 (KHTML, like Gecko) Chrome/79.0.3945.93 Mobile Safari/537.36"
2409:4072:400:e2a3:693b:b768:ba67:7fc4 - - [15/Mar/2020:12:45:18 +0530] "GET / HTTP/1.1" 502 494 "-" "Mozilla/5.0 (Windows NT 10.0; Win64; x64; rv:74.0) Gecko/20100101 Firefox/74.0"
2409:4072:400:e2a3:693b:b768:ba67:7fc4 - - [15/Mar/2020:12:45:21 +0530] "GET /favicon.ico HTTP/1.1" 499 0 "-" "Mozilla/5.0 (Windows NT 10.0; Win64; x64; rv:74.0) Gecko/20100101 Firefox/74.0"
2409:4072:400:e2a3:693b:b768:ba67:7fc4 - - [15/Mar/2020:12:45:29 +0530] "GET / HTTP/1.1" 502 494 "-" "Mozilla/5.0 (Windows NT 10.0; Win64; x64; rv:74.0) Gecko/20100101 Firefox/74.0"
2409:4072:400:e2a3:693b:b768:ba67:7fc4 - - [15/Mar/2020:12:45:29 +0530] "GET /favicon.ico HTTP/1.1" 499 0 "-" "Mozilla/5.0 (Windows NT 10.0; Win64; x64; rv:74.0) Gecko/20100101 Firefox/74.0"
2409:4072:400:e2a3:693b:b768:ba67:7fc4 - - [15/Mar/2020:12:47:04 +0530] "GET / HTTP/1.1" 200 550 "-" "Mozilla/5.0 (Windows NT 10.0; Win64; x64; rv:74.0) Gecko/20100101 Firefox/74.0"
2409:4072:400:e2a3:693b:b768:ba67:7fc4 - - [15/Mar/2020:12:47:04 +0530] "GET /favicon.ico HTTP/1.1" 499 0 "-" "Mozilla/5.0 (Windows NT 10.0; Win64; x64; rv:74.0) Gecko/20100101 Firefox/74.0"
2409:4072:400:e2a3:693b:b768:ba67:7fc4 - - [15/Mar/2020:12:47:42 +0530] "GET /page/1 HTTP/1.1" 200 36 "http://[2409:4072:400:e2a3:693b:b768:ba67:7fc4]/" "Mozilla/5.0 (Windows NT 10.0; Win64; x64; rv:74.0) Gecko/20100101 Firefox/74.0"
2409:4072:400:e2a3:693b:b768:ba67:7fc4 - - [15/Mar/2020:12:47:44 +0530] "GET /page/404.png HTTP/1.1" 500 145 "http://[2409:4072:400:e2a3:693b:b768:ba67:7fc4]/page/1" "Mozilla/5.0 (Windows NT 10.0; Win64; x64; rv:74.0) Gecko/20100101 Firefox/74.0"
2409:4072:400:e2a3:693b:b768:ba67:7fc4 - - [15/Mar/2020:12:48:16 +0530] "GET /upload/ HTTP/1.1" 200 1022 "http://[2409:4072:400:e2a3:693b:b768:ba67:7fc4]/" "Mozilla/5.0 (Windows NT 10.0; Win64; x64; rv:74.0) Gecko/20100101 Firefox/74.0"
2409:4072:400:e2a3:693b:b768:ba67:7fc4 - - [15/Mar/2020:12:48:53 +0530] "POST /upload/ HTTP/1.1" 200 134 "http://[2409:4072:400:e2a3:693b:b768:ba67:7fc4]/upload/" "Mozilla/5.0 (Windows NT 10.0; Win64; x64; rv:74.0) Gecko/20100101 Firefox/74.0"
2409:4072:400:e2a3:693b:b768:ba67:7fc4 - - [15/Mar/2020:12:49:21 +0530] "GET / HTTP/1.1" 200 550 "http://[2409:4072:400:e2a3:693b:b768:ba67:7fc4]/upload/" "Mozilla/5.0 (Windows NT 10.0; Win64; x64; rv:74.0) Gecko/20100101 Firefox/74.0"
2409:4072:400:e2a3:693b:b768:ba67:7fc4 - - [15/Mar/2020:12:49:22 +0530] "GET /page/1 HTTP/1.1" 200 36 "http://[2409:4072:400:e2a3:693b:b768:ba67:7fc4]/" "Mozilla/5.0 (Windows NT 10.0; Win64; x64; rv:74.0) Gecko/20100101 Firefox/74.0"
2409:4072:400:e2a3:693b:b768:ba67:7fc4 - - [15/Mar/2020:12:49:23 +0530] "GET /favicon.ico HTTP/1.1" 404 179 "-" "Mozilla/5.0 (Windows NT 10.0; Win64; x64; rv:74.0) Gecko/20100101 Firefox/74.0"
2409:4072:400:e2a3:693b:b768:ba67:7fc4 - - [15/Mar/2020:12:49:23 +0530] "GET /page/404.png HTTP/1.1" 500 145 "http://[2409:4072:400:e2a3:693b:b768:ba67:7fc4]/page/1" "Mozilla/5.0 (Windows NT 10.0; Win64; x64; rv:74.0) Gecko/20100101 Firefox/74.0"
2409:4072:400:e2a3:693b:b768:ba67:7fc4 - - [15/Mar/2020:12:49:27 +0530] "GET / HTTP/1.1" 200 550 "http://[2409:4072:400:e2a3:693b:b768:ba67:7fc4]/upload/" "Mozilla/5.0 (Windows NT 10.0; Win64; x64; rv:74.0) Gecko/20100101 Firefox/74.0"
2409:4072:400:e2a3:14c8:548c:ec9d:7e54 - - [15/Mar/2020:12:50:44 +0530] "GET / HTTP/1.1" 200 550 "-" "Mozilla/5.0 (Android 4.1.2; Mobile; rv:68.0) Gecko/68.0 Firefox/68.0"
2409:4072:400:e2a3:14c8:548c:ec9d:7e54 - - [15/Mar/2020:12:50:44 +0530] "GET /favicon.ico HTTP/1.1" 404 179 "-" "Mozilla/5.0 (Android 4.1.2; Mobile; rv:68.5.0) Gecko/68.5.0 Firefox/68.5.0"
2409:4072:400:e2a3:14c8:548c:ec9d:7e54 - - [15/Mar/2020:12:50:48 +0530] "GET /upload/ HTTP/1.1" 200 1022 "http://[2409:4072:400:e2a3:693b:b768:ba67:7fc4]/" "Mozilla/5.0 (Android 4.1.2; Mobile; rv:68.0) Gecko/68.0 Firefox/68.0"
2409:4072:400:e2a3:5165:69f2:c23:1e73 - - [15/Mar/2020:12:51:38 +0530] "GET /upload/ HTTP/1.1" 200 1022 "-" "Mozilla/5.0 (Android 4.1.2; Mobile; rv:68.0) Gecko/68.0 Firefox/68.0"
2409:4072:400:e2a3:5165:69f2:c23:1e73 - - [15/Mar/2020:12:54:51 +0530] "GET / HTTP/1.1" 200 550 "-" "Mozilla/5.0 (Android 4.1.2; Mobile; rv:68.0) Gecko/68.0 Firefox/68.0"
2409:4072:400:e2a3:5165:69f2:c23:1e73 - - [15/Mar/2020:12:54:51 +0530] "GET /favicon.ico HTTP/1.1" 404 179 "-" "Mozilla/5.0 (Android 4.1.2; Mobile; rv:68.5.0) Gecko/68.5.0 Firefox/68.5.0"
2409:4072:400:e2a3:5165:69f2:c23:1e73 - - [15/Mar/2020:12:54:56 +0530] "GET /upload/ HTTP/1.1" 200 1020 "http://[2409:4072:400:e2a3:693b:b768:ba67:7fc4]/" "Mozilla/5.0 (Android 4.1.2; Mobile; rv:68.0) Gecko/68.0 Firefox/68.0"
2409:4072:400:e2a3:693b:b768:ba67:7fc4 - - [15/Mar/2020:12:56:26 +0530] "GET /upload/ HTTP/1.1" 200 1020 "http://[2409:4072:400:e2a3:693b:b768:ba67:7fc4]/" "Mozilla/5.0 (Windows NT 10.0; Win64; x64; rv:74.0) Gecko/20100101 Firefox/74.0"
2409:4072:400:e2a3:693b:b768:ba67:7fc4 - - [15/Mar/2020:12:56:27 +0530] "GET /favicon.ico HTTP/1.1" 499 0 "-" "Mozilla/5.0 (Windows NT 10.0; Win64; x64; rv:74.0) Gecko/20100101 Firefox/74.0"
2409:4072:400:e2a3:693b:b768:ba67:7fc4 - - [15/Mar/2020:12:57:00 +0530] "GET /upload/ HTTP/1.1" 200 1020 "http://[2409:4072:400:e2a3:693b:b768:ba67:7fc4]/" "Mozilla/5.0 (Windows NT 10.0; Win64; x64; rv:74.0) Gecko/20100101 Firefox/74.0"
2409:4072:400:e2a3:693b:b768:ba67:7fc4 - - [15/Mar/2020:12:57:02 +0530] "GET /upload/ HTTP/1.1" 200 1020 "http://[2409:4072:400:e2a3:693b:b768:ba67:7fc4]/" "Mozilla/5.0 (Windows NT 10.0; Win64; x64; rv:74.0) Gecko/20100101 Firefox/74.0"
2409:4072:400:e2a3:693b:b768:ba67:7fc4 - - [15/Mar/2020:12:57:14 +0530] "GET / HTTP/1.1" 200 550 "-" "Mozilla/5.0 (Windows NT 10.0; Win64; x64; rv:74.0) Gecko/20100101 Firefox/74.0"
2409:4072:400:e2a3:693b:b768:ba67:7fc4 - - [15/Mar/2020:12:57:16 +0530] "GET /upload/ HTTP/1.1" 200 1020 "http://[2409:4072:400:e2a3:693b:b768:ba67:7fc4]/" "Mozilla/5.0 (Windows NT 10.0; Win64; x64; rv:74.0) Gecko/20100101 Firefox/74.0"
2409:4072:400:e2a3:693b:b768:ba67:7fc4 - - [15/Mar/2020:12:58:49 +0530] "GET /favicon.ico HTTP/1.1" 499 0 "-" "Mozilla/5.0 (Windows NT 10.0; Win64; x64; rv:74.0) Gecko/20100101 Firefox/74.0"
2409:4072:400:e2a3:693b:b768:ba67:7fc4 - - [15/Mar/2020:12:58:51 +0530] "GET /upload/ HTTP/1.1" 200 1020 "http://[2409:4072:400:e2a3:693b:b768:ba67:7fc4]/" "Mozilla/5.0 (Windows NT 10.0; Win64; x64; rv:74.0) Gecko/20100101 Firefox/74.0"
2409:4072:400:e2a3:693b:b768:ba67:7fc4 - - [15/Mar/2020:12:58:52 +0530] "GET /favicon.ico HTTP/1.1" 499 0 "-" "Mozilla/5.0 (Windows NT 10.0; Win64; x64; rv:74.0) Gecko/20100101 Firefox/74.0"
2409:4072:400:e2a3:5165:69f2:c23:1e73 - - [15/Mar/2020:12:59:36 +0530] "GET /upload/ HTTP/1.1" 200 1020 "-" "Mozilla/5.0 (Android 4.1.2; Mobile; rv:68.0) Gecko/68.0 Firefox/68.0"
2409:4072:400:e2a3:693b:b768:ba67:7fc4 - - [15/Mar/2020:12:59:43 +0530] "GET /upload/ HTTP/1.1" 200 1020 "http://[2409:4072:400:e2a3:693b:b768:ba67:7fc4]/" "Mozilla/5.0 (Windows NT 10.0; Win64; x64; rv:74.0) Gecko/20100101 Firefox/74.0"
2409:4072:400:e2a3:693b:b768:ba67:7fc4 - - [15/Mar/2020:12:59:43 +0530] "GET /favicon.ico HTTP/1.1" 499 0 "-" "Mozilla/5.0 (Windows NT 10.0; Win64; x64; rv:74.0) Gecko/20100101 Firefox/74.0"
2409:4072:400:e2a3:693b:b768:ba67:7fc4 - - [15/Mar/2020:12:59:58 +0530] "GET /upload/ HTTP/1.1" 200 1020 "http://[2409:4072:400:e2a3:693b:b768:ba67:7fc4]/" "Mozilla/5.0 (Windows NT 10.0; Win64; x64; rv:74.0) Gecko/20100101 Firefox/74.0"
2409:4072:400:e2a3:693b:b768:ba67:7fc4 - - [15/Mar/2020:13:00:11 +0530] "GET /upload/ HTTP/1.1" 200 1020 "http://[2409:4072:400:e2a3:693b:b768:ba67:7fc4]/" "Mozilla/5.0 (Windows NT 10.0; Win64; x64; rv:74.0) Gecko/20100101 Firefox/74.0"
2409:4072:400:e2a3:693b:b768:ba67:7fc4 - - [15/Mar/2020:13:00:55 +0530] "GET /upload/ HTTP/1.1" 200 1020 "http://[2409:4072:400:e2a3:693b:b768:ba67:7fc4]/" "Mozilla/5.0 (Windows NT 10.0; Win64; x64; rv:74.0) Gecko/20100101 Firefox/74.0"
2409:4072:400:e2a3:693b:b768:ba67:7fc4 - - [15/Mar/2020:13:00:56 +0530] "GET /upload/ HTTP/1.1" 200 1020 "http://[2409:4072:400:e2a3:693b:b768:ba67:7fc4]/" "Mozilla/5.0 (Windows NT 10.0; Win64; x64; rv:74.0) Gecko/20100101 Firefox/74.0"
2409:4072:400:e2a3:693b:b768:ba67:7fc4 - - [15/Mar/2020:13:01:04 +0530] "GET /upload/ HTTP/1.1" 200 1020 "http://[2409:4072:400:e2a3:693b:b768:ba67:7fc4]/" "Mozilla/5.0 (Windows NT 10.0; Win64; x64; rv:74.0) Gecko/20100101 Firefox/74.0"
2409:4072:400:e2a3:693b:b768:ba67:7fc4 - - [15/Mar/2020:13:01:27 +0530] "GET /upload/ HTTP/1.1" 500 145 "http://[2409:4072:400:e2a3:693b:b768:ba67:7fc4]/" "Mozilla/5.0 (Windows NT 10.0; Win64; x64; rv:74.0) Gecko/20100101 Firefox/74.0"
2409:4072:400:e2a3:693b:b768:ba67:7fc4 - - [15/Mar/2020:13:01:49 +0530] "GET /upload/ HTTP/1.1" 500 145 "http://[2409:4072:400:e2a3:693b:b768:ba67:7fc4]/" "Mozilla/5.0 (Windows NT 10.0; Win64; x64; rv:74.0) Gecko/20100101 Firefox/74.0"
2409:4072:400:e2a3:693b:b768:ba67:7fc4 - - [15/Mar/2020:13:02:04 +0530] "GET /upload/ HTTP/1.1" 200 1030 "http://[2409:4072:400:e2a3:693b:b768:ba67:7fc4]/" "Mozilla/5.0 (Windows NT 10.0; Win64; x64; rv:74.0) Gecko/20100101 Firefox/74.0"
2409:4072:400:e2a3:5165:69f2:c23:1e73 - - [15/Mar/2020:13:02:22 +0530] "GET /upload/ HTTP/1.1" 200 1030 "-" "Mozilla/5.0 (Android 4.1.2; Mobile; rv:68.0) Gecko/68.0 Firefox/68.0"
2409:4072:400:e2a3:5165:69f2:c23:1e73 - - [15/Mar/2020:13:03:06 +0530] "POST /upload/ HTTP/1.1" 200 155 "http://[2409:4072:400:e2a3:693b:b768:ba67:7fc4]/upload/" "Mozilla/5.0 (Android 4.1.2; Mobile; rv:68.0) Gecko/68.0 Firefox/68.0"
2409:4072:400:e2a3:5165:69f2:c23:1e73 - - [15/Mar/2020:13:03:16 +0530] "GET / HTTP/1.1" 200 550 "http://[2409:4072:400:e2a3:693b:b768:ba67:7fc4]/upload/" "Mozilla/5.0 (Android 4.1.2; Mobile; rv:68.0) Gecko/68.0 Firefox/68.0"
2409:4072:400:e2a3:5165:69f2:c23:1e73 - - [15/Mar/2020:13:03:19 +0530] "GET /upload/ HTTP/1.1" 200 1030 "http://[2409:4072:400:e2a3:693b:b768:ba67:7fc4]/" "Mozilla/5.0 (Android 4.1.2; Mobile; rv:68.0) Gecko/68.0 Firefox/68.0"
2409:4072:400:e2a3:5165:69f2:c23:1e73 - - [15/Mar/2020:13:03:23 +0530] "GET /page/1 HTTP/1.1" 200 513 "http://[2409:4072:400:e2a3:693b:b768:ba67:7fc4]/" "Mozilla/5.0 (Android 4.1.2; Mobile; rv:68.0) Gecko/68.0 Firefox/68.0"
2409:4072:400:e2a3:5165:69f2:c23:1e73 - - [15/Mar/2020:13:03:23 +0530] "GET /image/00270f131b1b3c2e HTTP/1.1" 200 25394 "http://[2409:4072:400:e2a3:693b:b768:ba67:7fc4]/page/1" "Mozilla/5.0 (Android 4.1.2; Mobile; rv:68.0) Gecko/68.0 Firefox/68.0"
2409:4072:400:e2a3:693b:b768:ba67:7fc4 - - [15/Mar/2020:13:04:04 +0530] "GET / HTTP/1.1" 200 550 "-" "Mozilla/5.0 (Windows NT 10.0; Win64; x64; rv:74.0) Gecko/20100101 Firefox/74.0"
2409:4072:400:e2a3:693b:b768:ba67:7fc4 - - [15/Mar/2020:13:04:08 +0530] "GET /page/1 HTTP/1.1" 200 36 "http://[2409:4072:400:e2a3:693b:b768:ba67:7fc4]/" "Mozilla/5.0 (Windows NT 10.0; Win64; x64; rv:74.0) Gecko/20100101 Firefox/74.0"
2409:4072:400:e2a3:693b:b768:ba67:7fc4 - - [15/Mar/2020:13:04:09 +0530] "GET /page/404.png HTTP/1.1" 500 145 "http://[2409:4072:400:e2a3:693b:b768:ba67:7fc4]/page/1" "Mozilla/5.0 (Windows NT 10.0; Win64; x64; rv:74.0) Gecko/20100101 Firefox/74.0"
2409:4072:400:e2a3:5165:69f2:c23:1e73 - - [15/Mar/2020:13:04:23 +0530] "GET /page/1 HTTP/1.1" 200 36 "-" "Mozilla/5.0 (Android 4.1.2; Mobile; rv:68.0) Gecko/68.0 Firefox/68.0"
2409:4072:400:e2a3:5165:69f2:c23:1e73 - - [15/Mar/2020:13:04:24 +0530] "GET /page/404.png HTTP/1.1" 500 145 "http://[2409:4072:400:e2a3:693b:b768:ba67:7fc4]/page/1" "Mozilla/5.0 (Android 4.1.2; Mobile; rv:68.0) Gecko/68.0 Firefox/68.0"
2409:4072:400:e2a3:7d3e:3b8f:86ef:9034 - - [15/Mar/2020:13:58:40 +0530] "GET / HTTP/1.1" 400 154 "-" "Mozilla/5.0 (Windows NT 10.0; Win64; x64; rv:74.0) Gecko/20100101 Firefox/74.0"
2409:4072:400:e2a3:7d3e:3b8f:86ef:9034 - - [15/Mar/2020:13:58:43 +0530] "GET /favicon.ico HTTP/1.1" 400 154 "-" "Mozilla/5.0 (Windows NT 10.0; Win64; x64; rv:74.0) Gecko/20100101 Firefox/74.0"
2409:4072:400:e2a3:7d3e:3b8f:86ef:9034 - - [15/Mar/2020:13:59:03 +0530] "GET /s/50x.html HTTP/1.1" 400 154 "-" "Mozilla/5.0 (Windows NT 10.0; Win64; x64; rv:74.0) Gecko/20100101 Firefox/74.0"
2409:4072:400:e2a3:7d3e:3b8f:86ef:9034 - - [15/Mar/2020:13:59:45 +0530] "GET /s/50x.html HTTP/1.1" 400 154 "-" "Mozilla/5.0 (Windows NT 10.0; Win64; x64; rv:74.0) Gecko/20100101 Firefox/74.0"
2409:4072:400:e2a3:7d3e:3b8f:86ef:9034 - - [15/Mar/2020:14:00:03 +0530] "GET /index.html HTTP/1.1" 400 154 "-" "Mozilla/5.0 (Windows NT 10.0; Win64; x64; rv:74.0) Gecko/20100101 Firefox/74.0"
2409:4072:400:e2a3:7d3e:3b8f:86ef:9034 - - [15/Mar/2020:14:00:17 +0530] "GET /index.html HTTP/1.1" 400 154 "-" "Mozilla/5.0 (Windows NT 10.0; Win64; x64; rv:74.0) Gecko/20100101 Firefox/74.0"
2409:4072:400:e2a3:7d3e:3b8f:86ef:9034 - - [15/Mar/2020:14:00:51 +0530] "GET /index.html HTTP/1.1" 404 153 "-" "Mozilla/5.0 (Windows NT 10.0; Win64; x64; rv:74.0) Gecko/20100101 Firefox/74.0"
2409:4072:400:e2a3:7d3e:3b8f:86ef:9034 - - [15/Mar/2020:14:01:18 +0530] "GET /s/favicon.ico HTTP/1.1" 404 153 "-" "Mozilla/5.0 (Windows NT 10.0; Win64; x64; rv:74.0) Gecko/20100101 Firefox/74.0"
2409:4072:400:e2a3:7d3e:3b8f:86ef:9034 - - [15/Mar/2020:14:01:37 +0530] "GET /s/favicon.ico HTTP/1.1" 404 153 "-" "Mozilla/5.0 (Windows NT 10.0; Win64; x64; rv:74.0) Gecko/20100101 Firefox/74.0"
2409:4072:400:e2a3:7d3e:3b8f:86ef:9034 - - [15/Mar/2020:14:01:50 +0530] "GET /s/50x.html HTTP/1.1" 404 153 "-" "Mozilla/5.0 (Windows NT 10.0; Win64; x64; rv:74.0) Gecko/20100101 Firefox/74.0"
2409:4072:400:e2a3:7d3e:3b8f:86ef:9034 - - [15/Mar/2020:14:02:14 +0530] "GET /s/50x.html HTTP/1.1" 404 153 "-" "Mozilla/5.0 (Windows NT 10.0; Win64; x64; rv:74.0) Gecko/20100101 Firefox/74.0"
2409:4072:400:e2a3:7d3e:3b8f:86ef:9034 - - [15/Mar/2020:14:03:05 +0530] "GET /s/50x.html HTTP/1.1" 502 494 "-" "Mozilla/5.0 (Windows NT 10.0; Win64; x64; rv:74.0) Gecko/20100101 Firefox/74.0"
2409:4072:400:e2a3:7d3e:3b8f:86ef:9034 - - [15/Mar/2020:14:04:27 +0530] "GET /s/favicon.ico HTTP/1.1" 400 154 "-" "Mozilla/5.0 (Windows NT 10.0; Win64; x64; rv:74.0) Gecko/20100101 Firefox/74.0"
2409:4072:400:e2a3:7d3e:3b8f:86ef:9034 - - [15/Mar/2020:14:06:07 +0530] "GET /s/favicon.ico HTTP/1.1" 502 494 "-" "Mozilla/5.0 (Windows NT 10.0; Win64; x64; rv:74.0) Gecko/20100101 Firefox/74.0"
2409:4072:400:e2a3:7d3e:3b8f:86ef:9034 - - [15/Mar/2020:14:06:08 +0530] "GET /favicon.ico HTTP/1.1" 499 0 "-" "Mozilla/5.0 (Windows NT 10.0; Win64; x64; rv:74.0) Gecko/20100101 Firefox/74.0"
2409:4072:400:e2a3:7d3e:3b8f:86ef:9034 - - [15/Mar/2020:14:06:35 +0530] "GET /s/50x.html HTTP/1.1" 400 154 "-" "Mozilla/5.0 (Windows NT 10.0; Win64; x64; rv:74.0) Gecko/20100101 Firefox/74.0"
2409:4072:400:e2a3:7d3e:3b8f:86ef:9034 - - [15/Mar/2020:14:06:36 +0530] "GET /favicon.ico HTTP/1.1" 499 0 "-" "Mozilla/5.0 (Windows NT 10.0; Win64; x64; rv:74.0) Gecko/20100101 Firefox/74.0"
2409:4072:400:e2a3:7d3e:3b8f:86ef:9034 - - [15/Mar/2020:14:07:25 +0530] "GET /s/50x.html HTTP/1.1" 400 154 "-" "Mozilla/5.0 (Windows NT 10.0; Win64; x64; rv:74.0) Gecko/20100101 Firefox/74.0"
2409:4072:400:e2a3:7d3e:3b8f:86ef:9034 - - [15/Mar/2020:14:07:30 +0530] "GET /s/50x.html HTTP/1.1" 400 154 "-" "Mozilla/5.0 (Windows NT 10.0; Win64; x64; rv:74.0) Gecko/20100101 Firefox/74.0"
2409:4072:400:e2a3:7d3e:3b8f:86ef:9034 - - [15/Mar/2020:14:07:58 +0530] "GET / HTTP/1.1" 400 154 "-" "Mozilla/5.0 (Windows NT 10.0; Win64; x64; rv:74.0) Gecko/20100101 Firefox/74.0"
2409:4072:400:e2a3:7d3e:3b8f:86ef:9034 - - [15/Mar/2020:14:07:58 +0530] "GET /favicon.ico HTTP/1.1" 499 0 "-" "Mozilla/5.0 (Windows NT 10.0; Win64; x64; rv:74.0) Gecko/20100101 Firefox/74.0"
2409:4072:400:e2a3:69eb:ea5d:5b36:41a5 - - [15/Mar/2020:14:48:49 +0530] "GET / HTTP/1.1" 200 612 "-" "Mozilla/5.0 (Windows NT 10.0; Win64; x64; rv:74.0) Gecko/20100101 Firefox/74.0"
2409:4072:400:e2a3:69eb:ea5d:5b36:41a5 - - [15/Mar/2020:14:48:50 +0530] "GET /favicon.ico HTTP/1.1" 200 15406 "-" "Mozilla/5.0 (Windows NT 10.0; Win64; x64; rv:74.0) Gecko/20100101 Firefox/74.0"
2409:4072:400:e2a3:69eb:ea5d:5b36:41a5 - - [15/Mar/2020:14:49:06 +0530] "GET / HTTP/1.1" 502 494 "-" "Mozilla/5.0 (Windows NT 10.0; Win64; x64; rv:74.0) Gecko/20100101 Firefox/74.0"
2409:4072:400:e2a3:69eb:ea5d:5b36:41a5 - - [15/Mar/2020:14:50:30 +0530] "GET /50x.html HTTP/1.1" 200 494 "-" "Mozilla/5.0 (Windows NT 10.0; Win64; x64; rv:74.0) Gecko/20100101 Firefox/74.0"
2409:4072:400:e2a3:69eb:ea5d:5b36:41a5 - - [15/Mar/2020:14:51:06 +0530] "GET /50x.html HTTP/1.1" 304 0 "-" "Mozilla/5.0 (Windows NT 10.0; Win64; x64; rv:74.0) Gecko/20100101 Firefox/74.0"
2409:4072:400:e2a3:69eb:ea5d:5b36:41a5 - - [15/Mar/2020:14:51:13 +0530] "GET / HTTP/1.1" 502 494 "-" "Mozilla/5.0 (Windows NT 10.0; Win64; x64; rv:74.0) Gecko/20100101 Firefox/74.0"
2409:4072:400:e2a3:69eb:ea5d:5b36:41a5 - - [15/Mar/2020:14:51:23 +0530] "GET / HTTP/1.1" 200 612 "-" "Mozilla/5.0 (Windows NT 10.0; Win64; x64; rv:74.0) Gecko/20100101 Firefox/74.0"
2409:4072:400:e2a3:69eb:ea5d:5b36:41a5 - - [15/Mar/2020:14:53:29 +0530] "GET /50x.html HTTP/1.1" 200 489 "-" "Mozilla/5.0 (Windows NT 10.0; Win64; x64; rv:74.0) Gecko/20100101 Firefox/74.0"
2409:4072:400:e2a3:69eb:ea5d:5b36:41a5 - - [15/Mar/2020:14:53:52 +0530] "GET /static HTTP/1.1" 404 153 "-" "Mozilla/5.0 (Windows NT 10.0; Win64; x64; rv:74.0) Gecko/20100101 Firefox/74.0"
2409:4072:400:e2a3:69eb:ea5d:5b36:41a5 - - [15/Mar/2020:14:53:57 +0530] "GET /static/ HTTP/1.1" 404 153 "-" "Mozilla/5.0 (Windows NT 10.0; Win64; x64; rv:74.0) Gecko/20100101 Firefox/74.0"
2409:4072:400:e2a3:69eb:ea5d:5b36:41a5 - - [15/Mar/2020:14:54:07 +0530] "GET /static/ HTTP/1.1" 404 153 "-" "Mozilla/5.0 (Windows NT 10.0; Win64; x64; rv:74.0) Gecko/20100101 Firefox/74.0"
2409:4072:400:e2a3:69eb:ea5d:5b36:41a5 - - [15/Mar/2020:14:54:31 +0530] "GET /static/50x.html HTTP/1.1" 404 153 "-" "Mozilla/5.0 (Windows NT 10.0; Win64; x64; rv:74.0) Gecko/20100101 Firefox/74.0"
2409:4072:400:e2a3:69eb:ea5d:5b36:41a5 - - [15/Mar/2020:14:59:29 +0530] "GET /static HTTP/1.1" 404 153 "-" "Mozilla/5.0 (Windows NT 10.0; Win64; x64; rv:74.0) Gecko/20100101 Firefox/74.0"
2409:4072:400:e2a3:69eb:ea5d:5b36:41a5 - - [15/Mar/2020:14:59:50 +0530] "GET /static/favicon.ico HTTP/1.1" 404 153 "-" "Mozilla/5.0 (Windows NT 10.0; Win64; x64; rv:74.0) Gecko/20100101 Firefox/74.0"
2409:4072:400:e2a3:69eb:ea5d:5b36:41a5 - - [15/Mar/2020:15:01:03 +0530] "GET /static/favicon.ico HTTP/1.1" 404 153 "-" "Mozilla/5.0 (Windows NT 10.0; Win64; x64; rv:74.0) Gecko/20100101 Firefox/74.0"
2409:4072:400:e2a3:69eb:ea5d:5b36:41a5 - - [15/Mar/2020:15:02:08 +0530] "GET /static/favicon.ico HTTP/1.1" 404 153 "-" "Mozilla/5.0 (Windows NT 10.0; Win64; x64; rv:74.0) Gecko/20100101 Firefox/74.0"
2409:4072:400:e2a3:69eb:ea5d:5b36:41a5 - - [15/Mar/2020:15:02:13 +0530] "GET /static/ HTTP/1.1" 404 153 "-" "Mozilla/5.0 (Windows NT 10.0; Win64; x64; rv:74.0) Gecko/20100101 Firefox/74.0"
2409:4072:400:e2a3:69eb:ea5d:5b36:41a5 - - [15/Mar/2020:15:02:50 +0530] "GET /x/favicon.ico HTTP/1.1" 404 153 "-" "Mozilla/5.0 (Windows NT 10.0; Win64; x64; rv:74.0) Gecko/20100101 Firefox/74.0"
2409:4072:400:e2a3:69eb:ea5d:5b36:41a5 - - [15/Mar/2020:15:03:39 +0530] "GET /x/favicon.ico HTTP/1.1" 404 153 "-" "Mozilla/5.0 (Windows NT 10.0; Win64; x64; rv:74.0) Gecko/20100101 Firefox/74.0"
2409:4072:400:e2a3:69eb:ea5d:5b36:41a5 - - [15/Mar/2020:15:04:33 +0530] "GET /x/50.html HTTP/1.1" 404 153 "-" "Mozilla/5.0 (Windows NT 10.0; Win64; x64; rv:74.0) Gecko/20100101 Firefox/74.0"
2409:4072:400:e2a3:69eb:ea5d:5b36:41a5 - - [15/Mar/2020:15:04:34 +0530] "GET /favicon.ico HTTP/1.1" 404 153 "-" "Mozilla/5.0 (Windows NT 10.0; Win64; x64; rv:74.0) Gecko/20100101 Firefox/74.0"
2409:4072:400:e2a3:69eb:ea5d:5b36:41a5 - - [15/Mar/2020:15:04:41 +0530] "GET /x/50x.html HTTP/1.1" 200 489 "-" "Mozilla/5.0 (Windows NT 10.0; Win64; x64; rv:74.0) Gecko/20100101 Firefox/74.0"
2409:4072:400:e2a3:69eb:ea5d:5b36:41a5 - - [15/Mar/2020:15:04:42 +0530] "GET /favicon.ico HTTP/1.1" 404 153 "-" "Mozilla/5.0 (Windows NT 10.0; Win64; x64; rv:74.0) Gecko/20100101 Firefox/74.0"
2409:4072:400:e2a3:69eb:ea5d:5b36:41a5 - - [15/Mar/2020:15:05:35 +0530] "GET /x/50x.html HTTP/1.1" 200 497 "-" "Mozilla/5.0 (Windows NT 10.0; Win64; x64; rv:74.0) Gecko/20100101 Firefox/74.0"
2409:4072:400:e2a3:69eb:ea5d:5b36:41a5 - - [15/Mar/2020:15:05:46 +0530] "GET /x/favicon.ico HTTP/1.1" 200 15406 "-" "Mozilla/5.0 (Windows NT 10.0; Win64; x64; rv:74.0) Gecko/20100101 Firefox/74.0"
2409:4072:400:e2a3:69eb:ea5d:5b36:41a5 - - [15/Mar/2020:15:13:49 +0530] "GET /x/favicon.ico HTTP/1.1" 502 489 "-" "Mozilla/5.0 (Windows NT 10.0; Win64; x64; rv:74.0) Gecko/20100101 Firefox/74.0"
2409:4072:400:e2a3:69eb:ea5d:5b36:41a5 - - [15/Mar/2020:15:13:59 +0530] "GET /x/favicon.ico HTTP/1.1" 502 489 "-" "Mozilla/5.0 (Windows NT 10.0; Win64; x64; rv:74.0) Gecko/20100101 Firefox/74.0"
2409:4072:400:e2a3:69eb:ea5d:5b36:41a5 - - [15/Mar/2020:15:14:37 +0530] "GET /static/favicon.ico HTTP/1.1" 200 15406 "-" "Mozilla/5.0 (Windows NT 10.0; Win64; x64; rv:74.0) Gecko/20100101 Firefox/74.0"
2409:4072:400:e2a3:69eb:ea5d:5b36:41a5 - - [15/Mar/2020:15:21:04 +0530] "GET /static/favicon.ico HTTP/1.1" 304 0 "-" "Mozilla/5.0 (Windows NT 10.0; Win64; x64; rv:74.0) Gecko/20100101 Firefox/74.0"
2409:4072:400:e2a3:69eb:ea5d:5b36:41a5 - - [15/Mar/2020:15:22:39 +0530] "GET / HTTP/1.1" 499 0 "-" "Mozilla/5.0 (Windows NT 10.0; Win64; x64; rv:74.0) Gecko/20100101 Firefox/74.0"
2409:4072:400:e2a3:69eb:ea5d:5b36:41a5 - - [15/Mar/2020:15:23:31 +0530] "GET /favicon.ico HTTP/1.1" 499 0 "-" "Mozilla/5.0 (Windows NT 10.0; Win64; x64; rv:74.0) Gecko/20100101 Firefox/74.0"
2409:4072:400:e2a3:69eb:ea5d:5b36:41a5 - - [15/Mar/2020:15:25:04 +0530] "GET / HTTP/1.1" 499 0 "-" "Mozilla/5.0 (Windows NT 10.0; Win64; x64; rv:74.0) Gecko/20100101 Firefox/74.0"
2409:4072:400:e2a3:69eb:ea5d:5b36:41a5 - - [15/Mar/2020:15:26:34 +0530] "GET / HTTP/1.1" 400 154 "-" "Mozilla/5.0 (Windows NT 10.0; Win64; x64; rv:74.0) Gecko/20100101 Firefox/74.0"
2409:4072:400:e2a3:69eb:ea5d:5b36:41a5 - - [15/Mar/2020:15:27:08 +0530] "GET / HTTP/1.1" 502 489 "-" "Mozilla/5.0 (Windows NT 10.0; Win64; x64; rv:74.0) Gecko/20100101 Firefox/74.0"
2409:4072:400:e2a3:69eb:ea5d:5b36:41a5 - - [15/Mar/2020:15:27:21 +0530] "GET /page HTTP/1.1" 400 154 "-" "Mozilla/5.0 (Windows NT 10.0; Win64; x64; rv:74.0) Gecko/20100101 Firefox/74.0"
2409:4072:400:e2a3:69eb:ea5d:5b36:41a5 - - [15/Mar/2020:15:28:48 +0530] "GET / HTTP/1.1" 400 154 "-" "Mozilla/5.0 (Windows NT 10.0; Win64; x64; rv:74.0) Gecko/20100101 Firefox/74.0"
2409:4072:400:e2a3:69eb:ea5d:5b36:41a5 - - [15/Mar/2020:15:28:50 +0530] "GET / HTTP/1.1" 400 154 "-" "Mozilla/5.0 (Windows NT 10.0; Win64; x64; rv:74.0) Gecko/20100101 Firefox/74.0"
2409:4072:400:e2a3:69eb:ea5d:5b36:41a5 - - [15/Mar/2020:15:28:51 +0530] "GET / HTTP/1.1" 400 154 "-" "Mozilla/5.0 (Windows NT 10.0; Win64; x64; rv:74.0) Gecko/20100101 Firefox/74.0"
2409:4072:400:e2a3:69eb:ea5d:5b36:41a5 - - [15/Mar/2020:15:31:38 +0530] "GET / HTTP/1.1" 400 154 "-" "Mozilla/5.0 (Windows NT 10.0; Win64; x64; rv:74.0) Gecko/20100101 Firefox/74.0"
2409:4072:913:dd39:55f6:ccbc:7722:614e - - [15/Mar/2020:15:33:45 +0530] "GET / HTTP/1.1" 400 154 "-" "Mozilla/5.0 (Windows NT 10.0; Win64; x64; rv:74.0) Gecko/20100101 Firefox/74.0"
2409:4072:913:dd39:55f6:ccbc:7722:614e - - [15/Mar/2020:15:33:46 +0530] "GET /favicon.ico HTTP/1.1" 400 154 "-" "Mozilla/5.0 (Windows NT 10.0; Win64; x64; rv:74.0) Gecko/20100101 Firefox/74.0"
2409:4072:913:dd39:55f6:ccbc:7722:614e - - [15/Mar/2020:15:35:58 +0530] "GET / HTTP/1.1" 400 154 "-" "Mozilla/5.0 (Windows NT 10.0; Win64; x64; rv:74.0) Gecko/20100101 Firefox/74.0"
2409:4072:913:dd39:55f6:ccbc:7722:614e - - [15/Mar/2020:15:36:19 +0530] "GET / HTTP/1.1" 502 489 "-" "Mozilla/5.0 (Windows NT 10.0; Win64; x64; rv:74.0) Gecko/20100101 Firefox/74.0"
2409:4072:913:dd39:55f6:ccbc:7722:614e - - [15/Mar/2020:15:37:27 +0530] "GET /upload HTTP/1.1" 502 489 "-" "Mozilla/5.0 (Windows NT 10.0; Win64; x64; rv:74.0) Gecko/20100101 Firefox/74.0"
2409:4072:913:dd39:55f6:ccbc:7722:614e - - [15/Mar/2020:15:37:57 +0530] "GET /upload HTTP/1.1" 400 154 "-" "Mozilla/5.0 (Windows NT 10.0; Win64; x64; rv:74.0) Gecko/20100101 Firefox/74.0"
2409:4072:913:dd39:55f6:ccbc:7722:614e - - [15/Mar/2020:15:38:39 +0530] "GET /static/favicon.ico HTTP/1.1" 200 15406 "-" "Mozilla/5.0 (Windows NT 10.0; Win64; x64; rv:74.0) Gecko/20100101 Firefox/74.0"
2409:4072:913:dd39:55f6:ccbc:7722:614e - - [15/Mar/2020:15:40:41 +0530] "GET / HTTP/1.1" 400 154 "-" "Mozilla/5.0 (Windows NT 10.0; Win64; x64; rv:74.0) Gecko/20100101 Firefox/74.0"
2409:4072:913:dd39:55f6:ccbc:7722:614e - - [15/Mar/2020:15:41:23 +0530] "GET / HTTP/1.1" 200 550 "-" "Mozilla/5.0 (Windows NT 10.0; Win64; x64; rv:74.0) Gecko/20100101 Firefox/74.0"
2409:4072:913:dd39:55f6:ccbc:7722:614e - - [15/Mar/2020:15:45:22 +0530] "GET / HTTP/1.1" 200 550 "-" "Mozilla/5.0 (Windows NT 10.0; Win64; x64; rv:74.0) Gecko/20100101 Firefox/74.0"
2409:4072:913:dd39:55f6:ccbc:7722:614e - - [15/Mar/2020:15:45:37 +0530] "GET / HTTP/1.1" 200 550 "-" "Mozilla/5.0 (Windows NT 10.0; Win64; x64; rv:74.0) Gecko/20100101 Firefox/74.0"
2409:4072:913:dd39:55f6:ccbc:7722:614e - - [15/Mar/2020:15:45:41 +0530] "GET / HTTP/1.1" 200 550 "-" "Mozilla/5.0 (Windows NT 10.0; Win64; x64; rv:74.0) Gecko/20100101 Firefox/74.0"
2409:4072:913:dd39:55f6:ccbc:7722:614e - - [15/Mar/2020:15:45:42 +0530] "GET / HTTP/1.1" 200 550 "-" "Mozilla/5.0 (Windows NT 10.0; Win64; x64; rv:74.0) Gecko/20100101 Firefox/74.0"
2409:4072:913:dd39:55f6:ccbc:7722:614e - - [15/Mar/2020:15:45:43 +0530] "GET / HTTP/1.1" 200 550 "-" "Mozilla/5.0 (Windows NT 10.0; Win64; x64; rv:74.0) Gecko/20100101 Firefox/74.0"
2409:4072:913:dd39:55f6:ccbc:7722:614e - - [15/Mar/2020:15:46:11 +0530] "GET / HTTP/1.1" 200 541 "-" "Mozilla/5.0 (Windows NT 10.0; Win64; x64; rv:74.0) Gecko/20100101 Firefox/74.0"
2409:4072:913:dd39:55f6:ccbc:7722:614e - - [15/Mar/2020:15:48:23 +0530] "GET / HTTP/1.1" 502 489 "-" "Mozilla/5.0 (Windows NT 10.0; Win64; x64; rv:74.0) Gecko/20100101 Firefox/74.0"
2409:4072:913:dd39:55f6:ccbc:7722:614e - - [15/Mar/2020:15:48:43 +0530] "GET / HTTP/1.1" 200 541 "-" "Mozilla/5.0 (Windows NT 10.0; Win64; x64; rv:74.0) Gecko/20100101 Firefox/74.0"
2409:4072:913:dd39:55f6:ccbc:7722:614e - - [15/Mar/2020:15:48:53 +0530] "GET /a HTTP/1.1" 404 179 "-" "Mozilla/5.0 (Windows NT 10.0; Win64; x64; rv:74.0) Gecko/20100101 Firefox/74.0"
2409:4072:913:dd39:55f6:ccbc:7722:614e - - [15/Mar/2020:15:49:06 +0530] "GET /page/122 HTTP/1.1" 200 43 "-" "Mozilla/5.0 (Windows NT 10.0; Win64; x64; rv:74.0) Gecko/20100101 Firefox/74.0"
2409:4072:913:dd39:55f6:ccbc:7722:614e - - [15/Mar/2020:15:49:06 +0530] "GET /page/static/404.png HTTP/1.1" 404 179 "http://[2409:4072:913:dd39:55f6:ccbc:7722:614e]/page/122" "Mozilla/5.0 (Windows NT 10.0; Win64; x64; rv:74.0) Gecko/20100101 Firefox/74.0"
2409:4072:913:dd39:55f6:ccbc:7722:614e - - [15/Mar/2020:15:50:33 +0530] "GET /page/122 HTTP/1.1" 200 42 "-" "Mozilla/5.0 (Windows NT 10.0; Win64; x64; rv:74.0) Gecko/20100101 Firefox/74.0"
2409:4072:913:dd39:55f6:ccbc:7722:614e - - [15/Mar/2020:15:50:33 +0530] "GET /page/static/404.png HTTP/1.1" 404 179 "http://[2409:4072:913:dd39:55f6:ccbc:7722:614e]/page/122" "Mozilla/5.0 (Windows NT 10.0; Win64; x64; rv:74.0) Gecko/20100101 Firefox/74.0"
2409:4072:913:dd39:55f6:ccbc:7722:614e - - [15/Mar/2020:15:51:17 +0530] "GET /page/122 HTTP/1.1" 200 42 "-" "Mozilla/5.0 (Windows NT 10.0; Win64; x64; rv:74.0) Gecko/20100101 Firefox/74.0"
2409:4072:913:dd39:55f6:ccbc:7722:614e - - [15/Mar/2020:15:51:17 +0530] "GET /page/static/404.png HTTP/1.1" 404 179 "http://[2409:4072:913:dd39:55f6:ccbc:7722:614e]/page/122" "Mozilla/5.0 (Windows NT 10.0; Win64; x64; rv:74.0) Gecko/20100101 Firefox/74.0"
2409:4072:913:dd39:55f6:ccbc:7722:614e - - [15/Mar/2020:15:52:02 +0530] "GET /page/122 HTTP/1.1" 500 145 "-" "Mozilla/5.0 (Windows NT 10.0; Win64; x64; rv:74.0) Gecko/20100101 Firefox/74.0"
2409:4072:913:dd39:55f6:ccbc:7722:614e - - [15/Mar/2020:15:53:19 +0530] "GET /page/122 HTTP/1.1" 200 42 "-" "Mozilla/5.0 (Windows NT 10.0; Win64; x64; rv:74.0) Gecko/20100101 Firefox/74.0"
2409:4072:913:dd39:55f6:ccbc:7722:614e - - [15/Mar/2020:15:53:19 +0530] "GET /page/static/404.jpg HTTP/1.1" 404 179 "http://[2409:4072:913:dd39:55f6:ccbc:7722:614e]/page/122" "Mozilla/5.0 (Windows NT 10.0; Win64; x64; rv:74.0) Gecko/20100101 Firefox/74.0"
2409:4072:913:dd39:55f6:ccbc:7722:614e - - [15/Mar/2020:15:53:58 +0530] "GET /static/404.jpg HTTP/1.1" 404 153 "-" "Mozilla/5.0 (Windows NT 10.0; Win64; x64; rv:74.0) Gecko/20100101 Firefox/74.0"
2409:4072:913:dd39:55f6:ccbc:7722:614e - - [15/Mar/2020:15:54:32 +0530] "GET /static/404.png HTTP/1.1" 200 45962 "-" "Mozilla/5.0 (Windows NT 10.0; Win64; x64; rv:74.0) Gecko/20100101 Firefox/74.0"
2409:4072:913:dd39:55f6:ccbc:7722:614e - - [15/Mar/2020:15:55:21 +0530] "GET /page/122 HTTP/1.1" 200 43 "-" "Mozilla/5.0 (Windows NT 10.0; Win64; x64; rv:74.0) Gecko/20100101 Firefox/74.0"
2409:4072:913:dd39:55f6:ccbc:7722:614e - - [15/Mar/2020:15:55:47 +0530] "GET /404 HTTP/1.1" 404 179 "-" "Mozilla/5.0 (Windows NT 10.0; Win64; x64; rv:74.0) Gecko/20100101 Firefox/74.0"
2409:4072:913:dd39:55f6:ccbc:7722:614e - - [15/Mar/2020:15:56:12 +0530] "GET /page/122 HTTP/1.1" 200 43 "-" "Mozilla/5.0 (Windows NT 10.0; Win64; x64; rv:74.0) Gecko/20100101 Firefox/74.0"
2409:4072:913:dd39:55f6:ccbc:7722:614e - - [15/Mar/2020:15:56:28 +0530] "GET /page/122 HTTP/1.1" 200 42 "-" "Mozilla/5.0 (Windows NT 10.0; Win64; x64; rv:74.0) Gecko/20100101 Firefox/74.0"
2409:4072:913:dd39:55f6:ccbc:7722:614e - - [15/Mar/2020:15:56:29 +0530] "GET /page/static/404.png HTTP/1.1" 404 179 "http://[2409:4072:913:dd39:55f6:ccbc:7722:614e]/page/122" "Mozilla/5.0 (Windows NT 10.0; Win64; x64; rv:74.0) Gecko/20100101 Firefox/74.0"
2409:4072:913:dd39:55f6:ccbc:7722:614e - - [15/Mar/2020:15:59:05 +0530] "GET /page/122 HTTP/1.1" 200 43 "-" "Mozilla/5.0 (Windows NT 10.0; Win64; x64; rv:74.0) Gecko/20100101 Firefox/74.0"
2409:4072:913:dd39:55f6:ccbc:7722:614e - - [15/Mar/2020:15:59:05 +0530] "GET /static/404.png HTTP/1.1" 304 0 "http://[2409:4072:913:dd39:55f6:ccbc:7722:614e]/page/122" "Mozilla/5.0 (Windows NT 10.0; Win64; x64; rv:74.0) Gecko/20100101 Firefox/74.0"
192.168.225.32 - - [15/Mar/2020:16:13:02 +0530] "GET / HTTP/1.1" 200 541 "-" "Mozilla/5.0 (Android 4.1.2; Mobile; rv:68.0) Gecko/68.0 Firefox/68.0"
192.168.225.32 - - [15/Mar/2020:16:13:07 +0530] "GET /static/favicon.ico HTTP/1.1" 200 15406 "-" "Mozilla/5.0 (Android 4.1.2; Mobile; rv:68.5.0) Gecko/68.5.0 Firefox/68.5.0"
2409:4072:629b:468:c479:a24:5ec1:2b13 - - [15/Mar/2020:16:22:52 +0530] "GET / HTTP/1.1" 200 541 "-" "Mozilla/5.0 (Windows NT 10.0; Win64; x64; rv:74.0) Gecko/20100101 Firefox/74.0"
2409:4072:629b:468:c479:a24:5ec1:2b13 - - [15/Mar/2020:16:22:54 +0530] "GET /static/favicon.ico HTTP/1.1" 200 15406 "-" "Mozilla/5.0 (Windows NT 10.0; Win64; x64; rv:74.0) Gecko/20100101 Firefox/74.0"
2409:4072:629b:468:c479:a24:5ec1:2b13 - - [15/Mar/2020:16:24:48 +0530] "GET / HTTP/1.1" 200 541 "-" "Mozilla/5.0 (Windows NT 10.0; Win64; x64; rv:74.0) Gecko/20100101 Firefox/74.0"
2409:4072:6119:1b0d:e638:5eab:4d8d:d755 - - [15/Mar/2020:16:25:34 +0530] "GET / HTTP/1.1" 200 541 "-" "Mozilla/5.0 (Linux; Android 10; GM1911) AppleWebKit/537.36 (KHTML, like Gecko) Chrome/80.0.3987.132 Mobile Safari/537.36"
2409:4072:6119:1b0d:e638:5eab:4d8d:d755 - - [15/Mar/2020:16:25:34 +0530] "GET /static/favicon.ico HTTP/1.1" 200 15406 "http://[2409:4072:629b:468:c479:a24:5ec1:2b13]/" "Mozilla/5.0 (Linux; Android 10; GM1911) AppleWebKit/537.36 (KHTML, like Gecko) Chrome/80.0.3987.132 Mobile Safari/537.36"
2409:4072:6119:1b0d:e638:5eab:4d8d:d755 - - [15/Mar/2020:16:25:36 +0530] "GET / HTTP/1.1" 200 541 "-" "Mozilla/5.0 (Linux; Android 10; GM1911) AppleWebKit/537.36 (KHTML, like Gecko) Chrome/80.0.3987.132 Mobile Safari/537.36"
2409:4072:6119:1b0d:e638:5eab:4d8d:d755 - - [15/Mar/2020:16:25:36 +0530] "GET /static/favicon.ico HTTP/1.1" 200 15406 "http://[2409:4072:629b:468:c479:a24:5ec1:2b13]/" "Mozilla/5.0 (Linux; Android 10; GM1911) AppleWebKit/537.36 (KHTML, like Gecko) Chrome/80.0.3987.132 Mobile Safari/537.36"
2409:4072:6119:1b0d:e638:5eab:4d8d:d755 - - [15/Mar/2020:16:25:39 +0530] "GET /page/1 HTTP/1.1" 200 43 "http://[2409:4072:629b:468:c479:a24:5ec1:2b13]/" "Mozilla/5.0 (Linux; Android 10; GM1911) AppleWebKit/537.36 (KHTML, like Gecko) Chrome/80.0.3987.132 Mobile Safari/537.36"
2409:4072:6119:1b0d:e638:5eab:4d8d:d755 - - [15/Mar/2020:16:25:39 +0530] "GET /static/404.png HTTP/1.1" 200 45962 "http://[2409:4072:629b:468:c479:a24:5ec1:2b13]/page/1" "Mozilla/5.0 (Linux; Android 10; GM1911) AppleWebKit/537.36 (KHTML, like Gecko) Chrome/80.0.3987.132 Mobile Safari/537.36"
2409:4072:6119:1b0d:e638:5eab:4d8d:d755 - - [15/Mar/2020:16:25:39 +0530] "GET /favicon.ico HTTP/1.1" 404 179 "http://[2409:4072:629b:468:c479:a24:5ec1:2b13]/page/1" "Mozilla/5.0 (Linux; Android 10; GM1911) AppleWebKit/537.36 (KHTML, like Gecko) Chrome/80.0.3987.132 Mobile Safari/537.36"
2409:4072:6119:1b0d:e638:5eab:4d8d:d755 - - [15/Mar/2020:16:25:51 +0530] "GET /upload/ HTTP/1.1" 499 0 "http://[2409:4072:629b:468:c479:a24:5ec1:2b13]/" "Mozilla/5.0 (Linux; Android 10; GM1911) AppleWebKit/537.36 (KHTML, like Gecko) Chrome/80.0.3987.132 Mobile Safari/537.36"
2409:4072:6119:1b0d:e638:5eab:4d8d:d755 - - [15/Mar/2020:16:25:56 +0530] "GET /page/1 HTTP/1.1" 200 43 "http://[2409:4072:629b:468:c479:a24:5ec1:2b13]/" "Mozilla/5.0 (Linux; Android 10; GM1911) AppleWebKit/537.36 (KHTML, like Gecko) Chrome/80.0.3987.132 Mobile Safari/537.36"
2409:4072:6119:1b0d:e638:5eab:4d8d:d755 - - [15/Mar/2020:16:26:02 +0530] "GET /upload/ HTTP/1.1" 200 1083 "http://[2409:4072:629b:468:c479:a24:5ec1:2b13]/" "Mozilla/5.0 (Linux; Android 10; GM1911) AppleWebKit/537.36 (KHTML, like Gecko) Chrome/80.0.3987.132 Mobile Safari/537.36"
2409:4072:6119:1b0d:e638:5eab:4d8d:d755 - - [15/Mar/2020:16:26:02 +0530] "GET /upload/static/favicon.ico HTTP/1.1" 404 179 "http://[2409:4072:629b:468:c479:a24:5ec1:2b13]/upload/" "Mozilla/5.0 (Linux; Android 10; GM1911) AppleWebKit/537.36 (KHTML, like Gecko) Chrome/80.0.3987.132 Mobile Safari/537.36"
2409:4072:6119:1b0d:e638:5eab:4d8d:d755 - - [15/Mar/2020:16:26:07 +0530] "GET /page/1 HTTP/1.1" 200 43 "http://[2409:4072:629b:468:c479:a24:5ec1:2b13]/" "Mozilla/5.0 (Linux; Android 10; GM1911) AppleWebKit/537.36 (KHTML, like Gecko) Chrome/80.0.3987.132 Mobile Safari/537.36"
2409:4072:6119:1b0d:abdb:a608:6a62:555d - - [15/Mar/2020:16:27:00 +0530] "GET / HTTP/1.1" 200 541 "-" "Mozilla/5.0 (Linux; Android 10; GM1911) AppleWebKit/537.36 (KHTML, like Gecko) Chrome/80.0.3987.132 Mobile Safari/537.36"
2409:4072:6119:1b0d:abdb:a608:6a62:555d - - [15/Mar/2020:16:27:04 +0530] "GET / HTTP/1.1" 200 541 "-" "Mozilla/5.0 (Linux; Android 10; GM1911) AppleWebKit/537.36 (KHTML, like Gecko) Chrome/80.0.3987.132 Mobile Safari/537.36"
2409:4072:6119:1b0d:abdb:a608:6a62:555d - - [15/Mar/2020:16:27:09 +0530] "GET / HTTP/1.1" 200 541 "-" "Mozilla/5.0 (Linux; Android 10; GM1911) AppleWebKit/537.36 (KHTML, like Gecko) Chrome/80.0.3987.132 Mobile Safari/537.36"
2409:4072:386:e0d9:c06d:e246:bc22:ab51 - - [15/Mar/2020:16:27:23 +0530] "GET / HTTP/1.1" 200 541 "-" "Mozilla/5.0 (Windows NT 10.0; Win64; x64) AppleWebKit/537.36 (KHTML, like Gecko) Chrome/80.0.3987.132 Safari/537.36"
2409:4072:386:e0d9:c06d:e246:bc22:ab51 - - [15/Mar/2020:16:27:24 +0530] "GET /static/favicon.ico HTTP/1.1" 200 15406 "http://[2409:4072:629b:468:c479:a24:5ec1:2b13]/" "Mozilla/5.0 (Windows NT 10.0; Win64; x64) AppleWebKit/537.36 (KHTML, like Gecko) Chrome/80.0.3987.132 Safari/537.36"
2409:4072:6119:1b0d:abdb:a608:6a62:555d - - [15/Mar/2020:16:27:39 +0530] "GET /upload/ HTTP/1.1" 200 1083 "http://[2409:4072:629b:468:c479:a24:5ec1:2b13]/" "Mozilla/5.0 (Linux; Android 10; GM1911) AppleWebKit/537.36 (KHTML, like Gecko) Chrome/80.0.3987.132 Mobile Safari/537.36"
2409:4072:386:e0d9:c06d:e246:bc22:ab51 - - [15/Mar/2020:16:27:39 +0530] "GET /upload/ HTTP/1.1" 200 1083 "http://[2409:4072:629b:468:c479:a24:5ec1:2b13]/" "Mozilla/5.0 (Windows NT 10.0; Win64; x64) AppleWebKit/537.36 (KHTML, like Gecko) Chrome/80.0.3987.132 Safari/537.36"
2409:4072:386:e0d9:c06d:e246:bc22:ab51 - - [15/Mar/2020:16:27:40 +0530] "GET /upload/static/favicon.ico HTTP/1.1" 404 179 "http://[2409:4072:629b:468:c479:a24:5ec1:2b13]/upload/" "Mozilla/5.0 (Windows NT 10.0; Win64; x64) AppleWebKit/537.36 (KHTML, like Gecko) Chrome/80.0.3987.132 Safari/537.36"
2409:4072:6119:1b0d:abdb:a608:6a62:555d - - [15/Mar/2020:16:28:12 +0530] "POST /upload/ HTTP/1.1" 200 132 "http://[2409:4072:629b:468:c479:a24:5ec1:2b13]/upload/" "Mozilla/5.0 (Linux; Android 10; GM1911) AppleWebKit/537.36 (KHTML, like Gecko) Chrome/80.0.3987.132 Mobile Safari/537.36"
2409:4072:6119:1b0d:abdb:a608:6a62:555d - - [15/Mar/2020:16:28:17 +0530] "GET / HTTP/1.1" 200 541 "http://[2409:4072:629b:468:c479:a24:5ec1:2b13]/upload/" "Mozilla/5.0 (Linux; Android 10; GM1911) AppleWebKit/537.36 (KHTML, like Gecko) Chrome/80.0.3987.132 Mobile Safari/537.36"
2409:4072:6119:1b0d:abdb:a608:6a62:555d - - [15/Mar/2020:16:28:18 +0530] "GET /page/1 HTTP/1.1" 200 563 "http://[2409:4072:629b:468:c479:a24:5ec1:2b13]/" "Mozilla/5.0 (Linux; Android 10; GM1911) AppleWebKit/537.36 (KHTML, like Gecko) Chrome/80.0.3987.132 Mobile Safari/537.36"
2409:4072:6119:1b0d:abdb:a608:6a62:555d - - [15/Mar/2020:16:28:19 +0530] "GET /image/786c7c30965592b2 HTTP/1.1" 200 133922 "http://[2409:4072:629b:468:c479:a24:5ec1:2b13]/page/1" "Mozilla/5.0 (Linux; Android 10; GM1911) AppleWebKit/537.36 (KHTML, like Gecko) Chrome/80.0.3987.132 Mobile Safari/537.36"
2409:4072:6119:1b0d:abdb:a608:6a62:555d - - [15/Mar/2020:16:28:19 +0530] "GET /page/static/favicon.ico HTTP/1.1" 404 179 "http://[2409:4072:629b:468:c479:a24:5ec1:2b13]/page/1" "Mozilla/5.0 (Linux; Android 10; GM1911) AppleWebKit/537.36 (KHTML, like Gecko) Chrome/80.0.3987.132 Mobile Safari/537.36"
2409:4072:386:e0d9:c06d:e246:bc22:ab51 - - [15/Mar/2020:16:28:21 +0530] "POST /upload/ HTTP/1.1" 200 139 "http://[2409:4072:629b:468:c479:a24:5ec1:2b13]/upload/" "Mozilla/5.0 (Windows NT 10.0; Win64; x64) AppleWebKit/537.36 (KHTML, like Gecko) Chrome/80.0.3987.132 Safari/537.36"
2409:4072:386:e0d9:c06d:e246:bc22:ab51 - - [15/Mar/2020:16:28:21 +0530] "GET /favicon.ico HTTP/1.1" 404 179 "http://[2409:4072:629b:468:c479:a24:5ec1:2b13]/upload/" "Mozilla/5.0 (Windows NT 10.0; Win64; x64) AppleWebKit/537.36 (KHTML, like Gecko) Chrome/80.0.3987.132 Safari/537.36"
2409:4072:386:e0d9:c06d:e246:bc22:ab51 - - [15/Mar/2020:16:28:24 +0530] "GET / HTTP/1.1" 200 541 "http://[2409:4072:629b:468:c479:a24:5ec1:2b13]/upload/" "Mozilla/5.0 (Windows NT 10.0; Win64; x64) AppleWebKit/537.36 (KHTML, like Gecko) Chrome/80.0.3987.132 Safari/537.36"
2409:4072:386:e0d9:c06d:e246:bc22:ab51 - - [15/Mar/2020:16:28:25 +0530] "GET /page/1 HTTP/1.1" 200 702 "http://[2409:4072:629b:468:c479:a24:5ec1:2b13]/" "Mozilla/5.0 (Windows NT 10.0; Win64; x64) AppleWebKit/537.36 (KHTML, like Gecko) Chrome/80.0.3987.132 Safari/537.36"
2409:4072:386:e0d9:c06d:e246:bc22:ab51 - - [15/Mar/2020:16:28:26 +0530] "GET /image/966961619d83b878 HTTP/1.1" 200 41099 "http://[2409:4072:629b:468:c479:a24:5ec1:2b13]/page/1" "Mozilla/5.0 (Windows NT 10.0; Win64; x64) AppleWebKit/537.36 (KHTML, like Gecko) Chrome/80.0.3987.132 Safari/537.36"
2409:4072:386:e0d9:c06d:e246:bc22:ab51 - - [15/Mar/2020:16:28:26 +0530] "GET /image/786c7c30965592b2 HTTP/1.1" 200 133922 "http://[2409:4072:629b:468:c479:a24:5ec1:2b13]/page/1" "Mozilla/5.0 (Windows NT 10.0; Win64; x64) AppleWebKit/537.36 (KHTML, like Gecko) Chrome/80.0.3987.132 Safari/537.36"
2409:4072:386:e0d9:c06d:e246:bc22:ab51 - - [15/Mar/2020:16:28:27 +0530] "GET /page/static/favicon.ico HTTP/1.1" 404 179 "http://[2409:4072:629b:468:c479:a24:5ec1:2b13]/page/1" "Mozilla/5.0 (Windows NT 10.0; Win64; x64) AppleWebKit/537.36 (KHTML, like Gecko) Chrome/80.0.3987.132 Safari/537.36"
2409:4072:629b:468:c479:a24:5ec1:2b13 - - [15/Mar/2020:16:28:39 +0530] "GET /page/1 HTTP/1.1" 200 702 "http://[2409:4072:629b:468:c479:a24:5ec1:2b13]/" "Mozilla/5.0 (Windows NT 10.0; Win64; x64; rv:74.0) Gecko/20100101 Firefox/74.0"
2409:4072:629b:468:c479:a24:5ec1:2b13 - - [15/Mar/2020:16:28:41 +0530] "GET /page/static/favicon.ico HTTP/1.1" 404 179 "-" "Mozilla/5.0 (Windows NT 10.0; Win64; x64; rv:74.0) Gecko/20100101 Firefox/74.0"
2409:4072:629b:468:c479:a24:5ec1:2b13 - - [15/Mar/2020:16:28:42 +0530] "GET /image/786c7c30965592b2 HTTP/1.1" 200 133922 "http://[2409:4072:629b:468:c479:a24:5ec1:2b13]/page/1" "Mozilla/5.0 (Windows NT 10.0; Win64; x64; rv:74.0) Gecko/20100101 Firefox/74.0"
2409:4072:629b:468:c479:a24:5ec1:2b13 - - [15/Mar/2020:16:28:42 +0530] "GET /image/966961619d83b878 HTTP/1.1" 200 41099 "http://[2409:4072:629b:468:c479:a24:5ec1:2b13]/page/1" "Mozilla/5.0 (Windows NT 10.0; Win64; x64; rv:74.0) Gecko/20100101 Firefox/74.0"
2409:4072:6119:1b0d:5024:2aca:a653:7aaf - - [15/Mar/2020:16:28:43 +0530] "GET / HTTP/1.1" 200 541 "-" "Mozilla/5.0 (Linux; Android 10; GM1911) AppleWebKit/537.36 (KHTML, like Gecko) Chrome/80.0.3987.132 Mobile Safari/537.36"
2409:4072:6119:1b0d:5024:2aca:a653:7aaf - - [15/Mar/2020:16:28:46 +0530] "GET / HTTP/1.1" 200 541 "-" "Mozilla/5.0 (Linux; Android 10; GM1911) AppleWebKit/537.36 (KHTML, like Gecko) Chrome/80.0.3987.132 Mobile Safari/537.36"
2409:4072:6119:1b0d:5024:2aca:a653:7aaf - - [15/Mar/2020:16:28:47 +0530] "GET /page/1 HTTP/1.1" 200 702 "http://[2409:4072:629b:468:c479:a24:5ec1:2b13]/" "Mozilla/5.0 (Linux; Android 10; GM1911) AppleWebKit/537.36 (KHTML, like Gecko) Chrome/80.0.3987.132 Mobile Safari/537.36"
2409:4072:6119:1b0d:5024:2aca:a653:7aaf - - [15/Mar/2020:16:28:48 +0530] "GET /image/966961619d83b878 HTTP/1.1" 200 41099 "http://[2409:4072:629b:468:c479:a24:5ec1:2b13]/page/1" "Mozilla/5.0 (Linux; Android 10; GM1911) AppleWebKit/537.36 (KHTML, like Gecko) Chrome/80.0.3987.132 Mobile Safari/537.36"
2409:4072:6119:1b0d:5024:2aca:a653:7aaf - - [15/Mar/2020:16:28:48 +0530] "GET /image/786c7c30965592b2 HTTP/1.1" 200 133922 "http://[2409:4072:629b:468:c479:a24:5ec1:2b13]/page/1" "Mozilla/5.0 (Linux; Android 10; GM1911) AppleWebKit/537.36 (KHTML, like Gecko) Chrome/80.0.3987.132 Mobile Safari/537.36"
2409:4072:6119:1b0d:5024:2aca:a653:7aaf - - [15/Mar/2020:16:30:35 +0530] "GET /page/1 HTTP/1.1" 200 702 "http://[2409:4072:629b:468:c479:a24:5ec1:2b13]/" "Mozilla/5.0 (Linux; Android 10; GM1911) AppleWebKit/537.36 (KHTML, like Gecko) Chrome/80.0.3987.132 Mobile Safari/537.36"
2409:4072:6119:1b0d:5024:2aca:a653:7aaf - - [15/Mar/2020:16:30:35 +0530] "GET /image/966961619d83b878 HTTP/1.1" 200 41099 "http://[2409:4072:629b:468:c479:a24:5ec1:2b13]/page/1" "Mozilla/5.0 (Linux; Android 10; GM1911) AppleWebKit/537.36 (KHTML, like Gecko) Chrome/80.0.3987.132 Mobile Safari/537.36"
2409:4072:6119:1b0d:5024:2aca:a653:7aaf - - [15/Mar/2020:16:30:35 +0530] "GET /image/786c7c30965592b2 HTTP/1.1" 200 133922 "http://[2409:4072:629b:468:c479:a24:5ec1:2b13]/page/1" "Mozilla/5.0 (Linux; Android 10; GM1911) AppleWebKit/537.36 (KHTML, like Gecko) Chrome/80.0.3987.132 Mobile Safari/537.36"
2409:4072:6119:1b0d:5024:2aca:a653:7aaf - - [15/Mar/2020:16:30:37 +0530] "GET /page/1 HTTP/1.1" 200 702 "http://[2409:4072:629b:468:c479:a24:5ec1:2b13]/" "Mozilla/5.0 (Linux; Android 10; GM1911) AppleWebKit/537.36 (KHTML, like Gecko) Chrome/80.0.3987.132 Mobile Safari/537.36"
2409:4072:6119:1b0d:5024:2aca:a653:7aaf - - [15/Mar/2020:16:30:38 +0530] "GET /image/966961619d83b878 HTTP/1.1" 200 41099 "http://[2409:4072:629b:468:c479:a24:5ec1:2b13]/page/1" "Mozilla/5.0 (Linux; Android 10; GM1911) AppleWebKit/537.36 (KHTML, like Gecko) Chrome/80.0.3987.132 Mobile Safari/537.36"
2409:4072:6119:1b0d:5024:2aca:a653:7aaf - - [15/Mar/2020:16:30:38 +0530] "GET /image/786c7c30965592b2 HTTP/1.1" 200 133922 "http://[2409:4072:629b:468:c479:a24:5ec1:2b13]/page/1" "Mozilla/5.0 (Linux; Android 10; GM1911) AppleWebKit/537.36 (KHTML, like Gecko) Chrome/80.0.3987.132 Mobile Safari/537.36"
2409:4072:6119:1b0d:5024:2aca:a653:7aaf - - [15/Mar/2020:16:30:43 +0530] "GET / HTTP/1.1" 200 541 "-" "Mozilla/5.0 (Linux; Android 10; GM1911) AppleWebKit/537.36 (KHTML, like Gecko) Chrome/80.0.3987.132 Mobile Safari/537.36"
2409:4072:6119:1b0d:5024:2aca:a653:7aaf - - [15/Mar/2020:16:30:46 +0530] "GET /page/1 HTTP/1.1" 200 702 "http://[2409:4072:629b:468:c479:a24:5ec1:2b13]/" "Mozilla/5.0 (Linux; Android 10; GM1911) AppleWebKit/537.36 (KHTML, like Gecko) Chrome/80.0.3987.132 Mobile Safari/537.36"
2409:4072:6119:1b0d:5024:2aca:a653:7aaf - - [15/Mar/2020:16:30:47 +0530] "GET /image/966961619d83b878 HTTP/1.1" 200 41099 "http://[2409:4072:629b:468:c479:a24:5ec1:2b13]/page/1" "Mozilla/5.0 (Linux; Android 10; GM1911) AppleWebKit/537.36 (KHTML, like Gecko) Chrome/80.0.3987.132 Mobile Safari/537.36"
2409:4072:6119:1b0d:5024:2aca:a653:7aaf - - [15/Mar/2020:16:30:47 +0530] "GET /image/786c7c30965592b2 HTTP/1.1" 200 133922 "http://[2409:4072:629b:468:c479:a24:5ec1:2b13]/page/1" "Mozilla/5.0 (Linux; Android 10; GM1911) AppleWebKit/537.36 (KHTML, like Gecko) Chrome/80.0.3987.132 Mobile Safari/537.36"
2409:4072:6119:1b0d:5024:2aca:a653:7aaf - - [15/Mar/2020:16:31:19 +0530] "GET /upload/ HTTP/1.1" 200 1083 "http://[2409:4072:629b:468:c479:a24:5ec1:2b13]/" "Mozilla/5.0 (Linux; Android 10; GM1911) AppleWebKit/537.36 (KHTML, like Gecko) Chrome/80.0.3987.132 Mobile Safari/537.36"
2409:4072:6119:1b0d:5024:2aca:a653:7aaf - - [15/Mar/2020:16:31:54 +0530] "GET / HTTP/1.1" 200 541 "-" "Mozilla/5.0 (Linux; Android 10; GM1911) AppleWebKit/537.36 (KHTML, like Gecko) Chrome/80.0.3987.132 Mobile Safari/537.36"
2409:4072:6119:1b0d:5024:2aca:a653:7aaf - - [15/Mar/2020:16:31:55 +0530] "GET / HTTP/1.1" 200 541 "-" "Mozilla/5.0 (Linux; Android 10; GM1911) AppleWebKit/537.36 (KHTML, like Gecko) Chrome/80.0.3987.132 Mobile Safari/537.36"
2409:4072:6119:1b0d:5024:2aca:a653:7aaf - - [15/Mar/2020:16:31:55 +0530] "GET /static/favicon.ico HTTP/1.1" 200 15406 "http://[2409:4072:629b:468:c479:a24:5ec1:2b13]/" "Mozilla/5.0 (Linux; Android 10; GM1911) AppleWebKit/537.36 (KHTML, like Gecko) Chrome/80.0.3987.132 Mobile Safari/537.36"
2409:4072:6119:1b0d:5024:2aca:a653:7aaf - - [15/Mar/2020:16:32:21 +0530] "GET / HTTP/1.1" 502 489 "-" "Mozilla/5.0 (Linux; Android 10; GM1911) AppleWebKit/537.36 (KHTML, like Gecko) Chrome/80.0.3987.132 Mobile Safari/537.36"
2409:4072:6119:1b0d:5024:2aca:a653:7aaf - - [15/Mar/2020:16:32:28 +0530] "GET / HTTP/1.1" 502 489 "-" "Mozilla/5.0 (Linux; Android 10; GM1911) AppleWebKit/537.36 (KHTML, like Gecko) Chrome/80.0.3987.132 Mobile Safari/537.36"
2409:4072:6119:1b0d:5024:2aca:a653:7aaf - - [15/Mar/2020:16:32:31 +0530] "GET / HTTP/1.1" 502 489 "-" "Mozilla/5.0 (Linux; Android 10; GM1911) AppleWebKit/537.36 (KHTML, like Gecko) Chrome/80.0.3987.132 Mobile Safari/537.36"
2409:4072:6119:1b0d:5024:2aca:a653:7aaf - - [15/Mar/2020:16:33:15 +0530] "GET / HTTP/1.1" 200 542 "-" "Mozilla/5.0 (Linux; Android 10; GM1911) AppleWebKit/537.36 (KHTML, like Gecko) Chrome/80.0.3987.132 Mobile Safari/537.36"
2409:4072:6119:1b0d:5024:2aca:a653:7aaf - - [15/Mar/2020:16:33:15 +0530] "GET /static/favicon.ico HTTP/1.1" 200 15406 "http://[2409:4072:629b:468:c479:a24:5ec1:2b13]/" "Mozilla/5.0 (Linux; Android 10; GM1911) AppleWebKit/537.36 (KHTML, like Gecko) Chrome/80.0.3987.132 Mobile Safari/537.36"
2409:4072:6119:1b0d:5024:2aca:a653:7aaf - - [15/Mar/2020:16:33:16 +0530] "GET / HTTP/1.1" 200 542 "-" "Mozilla/5.0 (Linux; Android 10; GM1911) AppleWebKit/537.36 (KHTML, like Gecko) Chrome/80.0.3987.132 Mobile Safari/537.36"
2409:4072:6119:1b0d:5024:2aca:a653:7aaf - - [15/Mar/2020:16:33:16 +0530] "GET /static/favicon.ico HTTP/1.1" 200 15406 "http://[2409:4072:629b:468:c479:a24:5ec1:2b13]/" "Mozilla/5.0 (Linux; Android 10; GM1911) AppleWebKit/537.36 (KHTML, like Gecko) Chrome/80.0.3987.132 Mobile Safari/537.36"
2409:4072:6119:1b0d:5024:2aca:a653:7aaf - - [15/Mar/2020:16:33:19 +0530] "GET /page/1 HTTP/1.1" 200 703 "http://[2409:4072:629b:468:c479:a24:5ec1:2b13]/" "Mozilla/5.0 (Linux; Android 10; GM1911) AppleWebKit/537.36 (KHTML, like Gecko) Chrome/80.0.3987.132 Mobile Safari/537.36"
2409:4072:6119:1b0d:5024:2aca:a653:7aaf - - [15/Mar/2020:16:33:21 +0530] "GET /image/966961619d83b878 HTTP/1.1" 200 41099 "http://[2409:4072:629b:468:c479:a24:5ec1:2b13]/page/1" "Mozilla/5.0 (Linux; Android 10; GM1911) AppleWebKit/537.36 (KHTML, like Gecko) Chrome/80.0.3987.132 Mobile Safari/537.36"
2409:4072:6119:1b0d:5024:2aca:a653:7aaf - - [15/Mar/2020:16:33:22 +0530] "GET /image/786c7c30965592b2 HTTP/1.1" 200 133922 "http://[2409:4072:629b:468:c479:a24:5ec1:2b13]/page/1" "Mozilla/5.0 (Linux; Android 10; GM1911) AppleWebKit/537.36 (KHTML, like Gecko) Chrome/80.0.3987.132 Mobile Safari/537.36"
2409:4072:6119:1b0d:5024:2aca:a653:7aaf - - [15/Mar/2020:16:33:22 +0530] "GET /page/1 HTTP/1.1" 200 703 "http://[2409:4072:629b:468:c479:a24:5ec1:2b13]/" "Mozilla/5.0 (Linux; Android 10; GM1911) AppleWebKit/537.36 (KHTML, like Gecko) Chrome/80.0.3987.132 Mobile Safari/537.36"
2409:4072:6119:1b0d:5024:2aca:a653:7aaf - - [15/Mar/2020:16:33:22 +0530] "GET /image/966961619d83b878 HTTP/1.1" 200 41099 "http://[2409:4072:629b:468:c479:a24:5ec1:2b13]/page/1" "Mozilla/5.0 (Linux; Android 10; GM1911) AppleWebKit/537.36 (KHTML, like Gecko) Chrome/80.0.3987.132 Mobile Safari/537.36"
2409:4072:6119:1b0d:5024:2aca:a653:7aaf - - [15/Mar/2020:16:33:22 +0530] "GET /image/786c7c30965592b2 HTTP/1.1" 200 133922 "http://[2409:4072:629b:468:c479:a24:5ec1:2b13]/page/1" "Mozilla/5.0 (Linux; Android 10; GM1911) AppleWebKit/537.36 (KHTML, like Gecko) Chrome/80.0.3987.132 Mobile Safari/537.36"
2409:4072:6119:1b0d:5024:2aca:a653:7aaf - - [15/Mar/2020:16:33:22 +0530] "GET /static/favicon.ico HTTP/1.1" 200 15406 "http://[2409:4072:629b:468:c479:a24:5ec1:2b13]/page/1" "Mozilla/5.0 (Linux; Android 10; GM1911) AppleWebKit/537.36 (KHTML, like Gecko) Chrome/80.0.3987.132 Mobile Safari/537.36"
2409:4072:6119:1b0d:5024:2aca:a653:7aaf - - [15/Mar/2020:16:33:28 +0530] "GET /page/1 HTTP/1.1" 200 703 "http://[2409:4072:629b:468:c479:a24:5ec1:2b13]/" "Mozilla/5.0 (Linux; Android 10; GM1911) AppleWebKit/537.36 (KHTML, like Gecko) Chrome/80.0.3987.132 Mobile Safari/537.36"
2409:4072:6119:1b0d:5024:2aca:a653:7aaf - - [15/Mar/2020:16:33:29 +0530] "GET /image/966961619d83b878 HTTP/1.1" 200 41099 "http://[2409:4072:629b:468:c479:a24:5ec1:2b13]/page/1" "Mozilla/5.0 (Linux; Android 10; GM1911) AppleWebKit/537.36 (KHTML, like Gecko) Chrome/80.0.3987.132 Mobile Safari/537.36"
2409:4072:6119:1b0d:5024:2aca:a653:7aaf - - [15/Mar/2020:16:33:32 +0530] "GET /page/1 HTTP/1.1" 200 703 "http://[2409:4072:629b:468:c479:a24:5ec1:2b13]/" "Mozilla/5.0 (Linux; Android 10; GM1911) AppleWebKit/537.36 (KHTML, like Gecko) Chrome/80.0.3987.132 Mobile Safari/537.36"
2409:4072:6119:1b0d:5024:2aca:a653:7aaf - - [15/Mar/2020:16:33:33 +0530] "GET /image/786c7c30965592b2 HTTP/1.1" 499 0 "http://[2409:4072:629b:468:c479:a24:5ec1:2b13]/page/1" "Mozilla/5.0 (Linux; Android 10; GM1911) AppleWebKit/537.36 (KHTML, like Gecko) Chrome/80.0.3987.132 Mobile Safari/537.36"
2409:4072:6119:1b0d:5024:2aca:a653:7aaf - - [15/Mar/2020:16:33:33 +0530] "GET /image/966961619d83b878 HTTP/1.1" 200 41099 "http://[2409:4072:629b:468:c479:a24:5ec1:2b13]/page/1" "Mozilla/5.0 (Linux; Android 10; GM1911) AppleWebKit/537.36 (KHTML, like Gecko) Chrome/80.0.3987.132 Mobile Safari/537.36"
2409:4072:6119:1b0d:5024:2aca:a653:7aaf - - [15/Mar/2020:16:33:33 +0530] "GET /image/786c7c30965592b2 HTTP/1.1" 200 133922 "http://[2409:4072:629b:468:c479:a24:5ec1:2b13]/page/1" "Mozilla/5.0 (Linux; Android 10; GM1911) AppleWebKit/537.36 (KHTML, like Gecko) Chrome/80.0.3987.132 Mobile Safari/537.36"
2409:4072:6119:1b0d:5024:2aca:a653:7aaf - - [15/Mar/2020:16:33:33 +0530] "GET /static/favicon.ico HTTP/1.1" 200 15406 "http://[2409:4072:629b:468:c479:a24:5ec1:2b13]/page/1" "Mozilla/5.0 (Linux; Android 10; GM1911) AppleWebKit/537.36 (KHTML, like Gecko) Chrome/80.0.3987.132 Mobile Safari/537.36"
2409:4072:6119:1b0d:5024:2aca:a653:7aaf - - [15/Mar/2020:16:33:46 +0530] "GET /upload/ HTTP/1.1" 200 1084 "http://[2409:4072:629b:468:c479:a24:5ec1:2b13]/" "Mozilla/5.0 (Linux; Android 10; GM1911) AppleWebKit/537.36 (KHTML, like Gecko) Chrome/80.0.3987.132 Mobile Safari/537.36"
2409:4072:6119:1b0d:5024:2aca:a653:7aaf - - [15/Mar/2020:16:33:49 +0530] "GET / HTTP/1.1" 200 542 "-" "Mozilla/5.0 (Linux; Android 10; GM1911) AppleWebKit/537.36 (KHTML, like Gecko) Chrome/80.0.3987.132 Mobile Safari/537.36"
2409:4072:6119:1b0d:5024:2aca:a653:7aaf - - [15/Mar/2020:16:33:50 +0530] "GET /static/favicon.ico HTTP/1.1" 200 15406 "http://[2409:4072:629b:468:c479:a24:5ec1:2b13]/" "Mozilla/5.0 (Linux; Android 10; GM1911) AppleWebKit/537.36 (KHTML, like Gecko) Chrome/80.0.3987.132 Mobile Safari/537.36"
2409:4072:6119:1b0d:5024:2aca:a653:7aaf - - [15/Mar/2020:16:33:53 +0530] "GET / HTTP/1.1" 200 542 "-" "Mozilla/5.0 (X11; Linux x86_64) AppleWebKit/537.36 (KHTML, like Gecko) Chrome/80.0.3987.132 Safari/537.36"
2409:4072:6119:1b0d:5024:2aca:a653:7aaf - - [15/Mar/2020:16:33:53 +0530] "GET /static/favicon.ico HTTP/1.1" 200 15406 "http://[2409:4072:629b:468:c479:a24:5ec1:2b13]/" "Mozilla/5.0 (X11; Linux x86_64) AppleWebKit/537.36 (KHTML, like Gecko) Chrome/80.0.3987.132 Safari/537.36"
2409:4072:6119:1b0d:5024:2aca:a653:7aaf - - [15/Mar/2020:16:33:55 +0530] "GET / HTTP/1.1" 200 542 "-" "Mozilla/5.0 (Linux; Android 10; GM1911) AppleWebKit/537.36 (KHTML, like Gecko) Chrome/80.0.3987.132 Mobile Safari/537.36"
2409:4072:6119:1b0d:5024:2aca:a653:7aaf - - [15/Mar/2020:16:33:55 +0530] "GET /static/favicon.ico HTTP/1.1" 200 15406 "http://[2409:4072:629b:468:c479:a24:5ec1:2b13]/" "Mozilla/5.0 (Linux; Android 10; GM1911) AppleWebKit/537.36 (KHTML, like Gecko) Chrome/80.0.3987.132 Mobile Safari/537.36"
2409:4072:6119:1b0d:5024:2aca:a653:7aaf - - [15/Mar/2020:16:33:56 +0530] "GET / HTTP/1.1" 200 542 "-" "Mozilla/5.0 (Linux; Android 10; GM1911) AppleWebKit/537.36 (KHTML, like Gecko) Chrome/80.0.3987.132 Mobile Safari/537.36"
2409:4072:6119:1b0d:5024:2aca:a653:7aaf - - [15/Mar/2020:16:33:57 +0530] "GET /static/favicon.ico HTTP/1.1" 200 15406 "http://[2409:4072:629b:468:c479:a24:5ec1:2b13]/" "Mozilla/5.0 (Linux; Android 10; GM1911) AppleWebKit/537.36 (KHTML, like Gecko) Chrome/80.0.3987.132 Mobile Safari/537.36"
2409:4072:6119:1b0d:5024:2aca:a653:7aaf - - [15/Mar/2020:16:34:03 +0530] "GET / HTTP/1.1" 200 542 "-" "Mozilla/5.0 (Linux; Android 10; GM1911) AppleWebKit/537.36 (KHTML, like Gecko) Chrome/80.0.3987.132 Mobile Safari/537.36"
2409:4072:6119:1b0d:5024:2aca:a653:7aaf - - [15/Mar/2020:16:34:03 +0530] "GET /static/favicon.ico HTTP/1.1" 200 15406 "http://[2409:4072:629b:468:c479:a24:5ec1:2b13]/" "Mozilla/5.0 (Linux; Android 10; GM1911) AppleWebKit/537.36 (KHTML, like Gecko) Chrome/80.0.3987.132 Mobile Safari/537.36"
2409:4072:6119:1b0d:5024:2aca:a653:7aaf - - [15/Mar/2020:16:35:08 +0530] "GET / HTTP/1.1" 200 542 "-" "Mozilla/5.0 (Linux; Android 10; GM1911) AppleWebKit/537.36 (KHTML, like Gecko) Chrome/80.0.3987.132 Mobile Safari/537.36"
2409:4072:6119:1b0d:5024:2aca:a653:7aaf - - [15/Mar/2020:16:35:08 +0530] "GET /static/favicon.ico HTTP/1.1" 200 15406 "http://[2409:4072:629b:468:c479:a24:5ec1:2b13]/" "Mozilla/5.0 (Linux; Android 10; GM1911) AppleWebKit/537.36 (KHTML, like Gecko) Chrome/80.0.3987.132 Mobile Safari/537.36"
